c:\users\admin\documents\archicadapi28\build\tobicarchicadapi2022.dir\debug\vc142.pdb
c:\users\admin\documents\archicadapi28\build\tobicarchicadapi2022.dir\debug\pickpoint.obj
c:\users\admin\documents\archicadapi28\build\tobicarchicadapi2022.dir\debug\parametersset.obj
c:\users\admin\documents\archicadapi28\build\tobicarchicadapi2022.dir\debug\paintwallbinding.obj
c:\users\admin\documents\archicadapi28\build\tobicarchicadapi2022.dir\debug\openingwallbinding.obj
c:\users\admin\documents\archicadapi28\build\tobicarchicadapi2022.dir\debug\offsetfromtopform.obj
c:\users\admin\documents\archicadapi28\build\tobicarchicadapi2022.dir\debug\modifyhotspotrec.obj
c:\users\admin\documents\archicadapi28\build\tobicarchicadapi2022.dir\debug\modifyhotspoth.obj
c:\users\admin\documents\archicadapi28\build\tobicarchicadapi2022.dir\debug\modifyhotspot.obj
c:\users\admin\documents\archicadapi28\build\tobicarchicadapi2022.dir\debug\levelimport.obj
c:\users\admin\documents\archicadapi28\build\tobicarchicadapi2022.dir\debug\levelexport.obj
c:\users\admin\documents\archicadapi28\build\tobicarchicadapi2022.dir\debug\layerlistbox.obj
c:\users\admin\documents\archicadapi28\build\tobicarchicadapi2022.dir\debug\inputmashiauto.obj
c:\users\admin\documents\archicadapi28\build\tobicarchicadapi2022.dir\debug\fromrolldown.obj
c:\users\admin\documents\archicadapi28\build\tobicarchicadapi2022.dir\debug\formcheckboxfire.obj
c:\users\admin\documents\archicadapi28\build\tobicarchicadapi2022.dir\debug\formcheckbox.obj
c:\users\admin\documents\archicadapi28\build\tobicarchicadapi2022.dir\debug\fitlerandcutelement.obj
c:\users\admin\documents\archicadapi28\build\tobicarchicadapi2022.dir\debug\fireprotectbinding.obj
c:\users\admin\documents\archicadapi28\build\tobicarchicadapi2022.dir\debug\familybypointbinding.obj
c:\users\admin\documents\archicadapi28\build\tobicarchicadapi2022.dir\debug\editmeshtopo.obj
c:\users\admin\documents\archicadapi28\build\tobicarchicadapi2022.dir\debug\dimensionutilities.obj
c:\users\admin\documents\archicadapi28\build\tobicarchicadapi2022.dir\debug\beamcad.obj
c:\users\admin\documents\archicadapi28\build\tobicarchicadapi2022.dir\debug\beambottomtopbinding.obj
c:\users\admin\documents\archicadapi28\build\tobicarchicadapi2022.dir\debug\beambottombeambinding.obj
c:\users\admin\documents\archicadapi28\build\tobicarchicadapi2022.dir\debug\basewallbinding.obj
c:\users\admin\documents\archicadapi28\build\tobicarchicadapi2022.dir\debug\alignelements.obj
c:\users\admin\documents\archicadapi28\build\tobicarchicadapi2022.dir\debug\alignbeamtofloor.obj
c:\users\admin\documents\archicadapi28\build\tobicarchicadapi2022.dir\debug\walltofloorbinding.obj
c:\users\admin\documents\archicadapi28\build\tobicarchicadapi2022.dir\debug\walllwithlinedimenison.obj
c:\users\admin\documents\archicadapi28\build\tobicarchicadapi2022.dir\debug\walldimension.obj
c:\users\admin\documents\archicadapi28\build\tobicarchicadapi2022.dir\debug\wallceiling.obj
c:\users\admin\documents\archicadapi28\build\tobicarchicadapi2022.dir\debug\wallcad.obj
c:\users\admin\documents\archicadapi28\build\tobicarchicadapi2022.dir\debug\seperatewall.obj
c:\users\admin\documents\archicadapi28\build\tobicarchicadapi2022.dir\debug\separatemirror.obj
c:\users\admin\documents\archicadapi28\build\tobicarchicadapi2022.dir\debug\selecteditelementbinding.obj
c:\users\admin\documents\archicadapi28\build\tobicarchicadapi2022.dir\debug\removeidsao.obj
c:\users\admin\documents\archicadapi28\build\tobicarchicadapi2022.dir\debug\readexcel.obj
c:\users\admin\documents\archicadapi28\build\tobicarchicadapi2022.dir\debug\readdatacad.obj
c:\users\admin\documents\archicadapi28\build\tobicarchicadapi2022.dir\debug\qtdimensionform.obj
c:\users\admin\documents\archicadapi28\build\tobicarchicadapi2022.dir\debug\profilerecsteelatribute.obj
c:\users\admin\documents\archicadapi28\build\tobicarchicadapi2022.dir\debug\poinstomeshbinding.obj
c:\users\admin\documents\archicadapi28\build\tobicarchicadapi2022.dir\debug\addonmain.obj
c:\users\admin\documents\archicadapi28\build\tobicarchicadapi2022.dir\debug\curtainwallopeningbinding.obj
c:\users\admin\documents\archicadapi28\build\tobicarchicadapi2022.dir\debug\createprofilesh.obj
c:\users\admin\documents\archicadapi28\build\tobicarchicadapi2022.dir\debug\createprofiles.obj
c:\users\admin\documents\archicadapi28\build\tobicarchicadapi2022.dir\debug\createlayerauto.obj
c:\users\admin\documents\archicadapi28\build\tobicarchicadapi2022.dir\debug\createcoppha.obj
c:\users\admin\documents\archicadapi28\build\tobicarchicadapi2022.dir\debug\creaetmeshtopo.obj
c:\users\admin\documents\archicadapi28\build\tobicarchicadapi2022.dir\debug\columndimension.obj
c:\users\admin\documents\archicadapi28\build\tobicarchicadapi2022.dir\debug\columncad.obj
c:\users\admin\documents\archicadapi28\build\tobicarchicadapi2022.dir\debug\changeprofileprefixlevel.obj
c:\users\admin\documents\archicadapi28\build\tobicarchicadapi2022.dir\debug\changeprofileelement.obj
c:\users\admin\documents\archicadapi28\build\tobicarchicadapi2022.dir\debug\changeidrevitprefix.obj
c:\users\admin\documents\archicadapi28\build\tobicarchicadapi2022.dir\debug\changeidrevit.obj
c:\users\admin\documents\archicadapi28\build\tobicarchicadapi2022.dir\debug\cadzonecreate.obj
c:\users\admin\documents\archicadapi28\build\tobicarchicadapi2022.dir\debug\cadslab.obj
c:\users\admin\documents\archicadapi28\build\tobicarchicadapi2022.dir\debug\beamtoroofbinding.obj
c:\users\admin\documents\archicadapi28\build\tobicarchicadapi2022.dir\debug\beamdimwithline.obj
c:\users\admin\documents\archicadapi28\build\tobicarchicadapi2022.dir\debug\beamcadform.obj
c:\users\admin\documents\archicadapi272\build\resourceobjects\addonresources.stamp
c:\users\admin\documents\archicadapi272\build\cmakefiles\generate.stamp
c:\users\admin\documents\archicadapi28\build\tobicarchicadapi2022.dir\debug\tobicarchicadapi2022.ilk
c:\users\admin\documents\archicadapi28\build\debug\tobicarchicadapi2022.apx
c:\users\admin\documents\archicadapi28\build\debug\tobicarchicadapi2022.pdb
c:\users\admin\documents\archicadapi272\build\debug\tobicarchicadapi2022.lib
c:\users\admin\documents\archicadapi272\build\debug\tobicarchicadapi2022.exp
c:\users\admin\documents\archicadapi28\build\tobicarchicadapi2022.dir\debug\tobicarc.d0afac70.tlog\cl.command.1.tlog
c:\users\admin\documents\archicadapi28\build\tobicarchicadapi2022.dir\debug\tobicarc.d0afac70.tlog\cl.read.1.tlog
c:\users\admin\documents\archicadapi28\build\tobicarchicadapi2022.dir\debug\tobicarc.d0afac70.tlog\cl.write.1.tlog
c:\users\admin\documents\archicadapi28\build\tobicarchicadapi2022.dir\debug\tobicarc.d0afac70.tlog\custombuild.command.1.tlog
c:\users\admin\documents\archicadapi28\build\tobicarchicadapi2022.dir\debug\tobicarc.d0afac70.tlog\custombuild.read.1.tlog
c:\users\admin\documents\archicadapi28\build\tobicarchicadapi2022.dir\debug\tobicarc.d0afac70.tlog\custombuild.write.1.tlog
c:\users\admin\documents\archicadapi28\build\tobicarchicadapi2022.dir\debug\tobicarc.d0afac70.tlog\link.command.1.tlog
c:\users\admin\documents\archicadapi28\build\tobicarchicadapi2022.dir\debug\tobicarc.d0afac70.tlog\link.read.1.tlog
c:\users\admin\documents\archicadapi28\build\tobicarchicadapi2022.dir\debug\tobicarc.d0afac70.tlog\link.write.1.tlog
c:\users\admin\documents\archicadapi28\build\tobicarchicadapi2022.dir\debug\tobicarc.d0afac70.tlog\tobicarchicadapi2022.write.1u.tlog
