  Compiling resources...
  AddOn.grc
  AddOnFix.grc
  Microsoft (R) Windows (R) Resource Compiler Version 10.0.10011.16384
  
  Copyright (C) Microsoft Corporation.  All rights reserved.
  
  
  Building Custom Rule D:/archicad-addon-cmake-master/archicad-addon-cmake/CMakeLists.txt
  DimensionUtilities.cpp
C:\Program Files\GRAPHISOFT\API Development Kit 28.3001\Support\Inc\APIdefs_LibraryParts.h(1,1): warning C4819: The file contains a character that cannot be represented in the current code page (932). Save the file in Unicode format to prevent data loss
C:\Program Files\GRAPHISOFT\API Development Kit 28.3001\Support\Inc\APIdefs_Environment.h(867,1): warning C4819: The file contains a character that cannot be represented in the current code page (932). Save the file in Unicode format to prevent data loss
DimensionUtilities.cpp(119,22): warning C4018: '<': signed/unsigned mismatch
DimensionUtilities.cpp(123,21): warning C4018: '<': signed/unsigned mismatch
DimensionUtilities.cpp(138,22): warning C4018: '<': signed/unsigned mismatch
DimensionUtilities.cpp(118,14): warning C4189: 'err': local variable is initialized but not referenced
  EditMeshTopo.cpp
C:\Program Files\GRAPHISOFT\API Development Kit 28.3001\Support\Inc\APIdefs_LibraryParts.h(1,1): warning C4819: The file contains a character that cannot be represented in the current code page (932). Save the file in Unicode format to prevent data loss
C:\Program Files\GRAPHISOFT\API Development Kit 28.3001\Support\Inc\APIdefs_Environment.h(867,1): warning C4819: The file contains a character that cannot be represented in the current code page (932). Save the file in Unicode format to prevent data loss
EditMeshTopo.cpp(69,28): warning C4267: 'initializing': conversion from 'size_t' to 'int', possible loss of data
EditMeshTopo.cpp(73,34): warning C4267: '+=': conversion from 'size_t' to 'int', possible loss of data
EditMeshTopo.cpp(88,52): warning C4267: 'initializing': conversion from 'size_t' to 'int', possible loss of data
EditMeshTopo.cpp(89,59): warning C4267: 'initializing': conversion from 'size_t' to 'int', possible loss of data
EditMeshTopo.cpp(124,36): warning C4267: '+=': conversion from 'size_t' to 'GS::Int32', possible loss of data
  FamilyByPointBinding.cpp
C:\Program Files\GRAPHISOFT\API Development Kit 28.3001\Support\Inc\APIdefs_LibraryParts.h(1,1): warning C4819: The file contains a character that cannot be represented in the current code page (932). Save the file in Unicode format to prevent data loss
C:\Program Files\GRAPHISOFT\API Development Kit 28.3001\Support\Inc\APIdefs_Environment.h(867,1): warning C4819: The file contains a character that cannot be represented in the current code page (932). Save the file in Unicode format to prevent data loss
  FireProtectBinding.cpp
C:\Program Files\GRAPHISOFT\API Development Kit 28.3001\Support\Inc\APIdefs_LibraryParts.h(1,1): warning C4819: The file contains a character that cannot be represented in the current code page (932). Save the file in Unicode format to prevent data loss
C:\Program Files\GRAPHISOFT\API Development Kit 28.3001\Support\Inc\APIdefs_Environment.h(867,1): warning C4819: The file contains a character that cannot be represented in the current code page (932). Save the file in Unicode format to prevent data loss
FireProtectBinding.cpp(15,28): warning C4996: 'std::codecvt_utf8<unsigned short,1114111,(std::codecvt_mode)0>': warning STL4017: std::wbuffer_convert, std::wstring_convert, and the <codecvt> header (containing std::codecvt_mode, std::codecvt_utf8, std::codecvt_utf16, and std::codecvt_utf8_utf16) are deprecated in C++17. (The std::codecvt class template is NOT deprecated.) The C++ Standard doesn't provide equivalent non-deprecated functionality; consider using MultiByteToWideChar() and WideCharToMultiByte() from <Windows.h> instead. You can define _SILENCE_CXX17_CODECVT_HEADER_DEPRECATION_WARNING or _SILENCE_ALL_CXX17_DEPRECATION_WARNINGS to acknowledge that you have received this warning.
C:\Program Files (x86)\Microsoft Visual Studio\2019\Community\VC\Tools\MSVC\14.29.30133\include\codecvt(33,52): message : see declaration of 'std::codecvt_utf8'
FireProtectBinding.cpp(16,7): warning C4996: 'std::wstring_convert<convert_type,unsigned short,std::allocator<wchar_t>,std::allocator<char>>': warning STL4017: std::wbuffer_convert, std::wstring_convert, and the <codecvt> header (containing std::codecvt_mode, std::codecvt_utf8, std::codecvt_utf16, and std::codecvt_utf8_utf16) are deprecated in C++17. (The std::codecvt class template is NOT deprecated.) The C++ Standard doesn't provide equivalent non-deprecated functionality; consider using MultiByteToWideChar() and WideCharToMultiByte() from <Windows.h> instead. You can define _SILENCE_CXX17_CODECVT_HEADER_DEPRECATION_WARNING or _SILENCE_ALL_CXX17_DEPRECATION_WARNINGS to acknowledge that you have received this warning.
C:\Program Files (x86)\Microsoft Visual Studio\2019\Community\VC\Tools\MSVC\14.29.30133\include\xlocbuf(300,55): message : see declaration of 'std::wstring_convert'
FireProtectBinding.cpp(16,72): warning C4996: 'std::wstring_convert<convert_type,unsigned short,std::allocator<wchar_t>,std::allocator<char>>::wstring_convert': warning STL4017: std::wbuffer_convert, std::wstring_convert, and the <codecvt> header (containing std::codecvt_mode, std::codecvt_utf8, std::codecvt_utf16, and std::codecvt_utf8_utf16) are deprecated in C++17. (The std::codecvt class template is NOT deprecated.) The C++ Standard doesn't provide equivalent non-deprecated functionality; consider using MultiByteToWideChar() and WideCharToMultiByte() from <Windows.h> instead. You can define _SILENCE_CXX17_CODECVT_HEADER_DEPRECATION_WARNING or _SILENCE_ALL_CXX17_DEPRECATION_WARNINGS to acknowledge that you have received this warning.
FireProtectBinding.cpp(19,18): warning C4996: 'std::wstring_convert<convert_type,unsigned short,std::allocator<wchar_t>,std::allocator<char>>::from_bytes': warning STL4017: std::wbuffer_convert, std::wstring_convert, and the <codecvt> header (containing std::codecvt_mode, std::codecvt_utf8, std::codecvt_utf16, and std::codecvt_utf8_utf16) are deprecated in C++17. (The std::codecvt class template is NOT deprecated.) The C++ Standard doesn't provide equivalent non-deprecated functionality; consider using MultiByteToWideChar() and WideCharToMultiByte() from <Windows.h> instead. You can define _SILENCE_CXX17_CODECVT_HEADER_DEPRECATION_WARNING or _SILENCE_ALL_CXX17_DEPRECATION_WARNINGS to acknowledge that you have received this warning.
  FitlerAndCutElement.cpp
C:\Program Files\GRAPHISOFT\API Development Kit 28.3001\Support\Inc\APIdefs_LibraryParts.h(1,1): warning C4819: The file contains a character that cannot be represented in the current code page (932). Save the file in Unicode format to prevent data loss
C:\Program Files\GRAPHISOFT\API Development Kit 28.3001\Support\Inc\APIdefs_Environment.h(867,1): warning C4819: The file contains a character that cannot be represented in the current code page (932). Save the file in Unicode format to prevent data loss
  FormCheckBox.cpp
C:\Program Files\GRAPHISOFT\API Development Kit 28.3001\Support\Inc\APIdefs_LibraryParts.h(1,1): warning C4819: The file contains a character that cannot be represented in the current code page (932). Save the file in Unicode format to prevent data loss
C:\Program Files\GRAPHISOFT\API Development Kit 28.3001\Support\Inc\APIdefs_Environment.h(867,1): warning C4819: The file contains a character that cannot be represented in the current code page (932). Save the file in Unicode format to prevent data loss
  FormCheckBoxFire.cpp
C:\Program Files\GRAPHISOFT\API Development Kit 28.3001\Support\Inc\APIdefs_LibraryParts.h(1,1): warning C4819: The file contains a character that cannot be represented in the current code page (932). Save the file in Unicode format to prevent data loss
C:\Program Files\GRAPHISOFT\API Development Kit 28.3001\Support\Inc\APIdefs_Environment.h(867,1): warning C4819: The file contains a character that cannot be represented in the current code page (932). Save the file in Unicode format to prevent data loss
  FromRollDown.cpp
C:\Program Files\GRAPHISOFT\API Development Kit 28.3001\Support\Inc\APIdefs_LibraryParts.h(1,1): warning C4819: The file contains a character that cannot be represented in the current code page (932). Save the file in Unicode format to prevent data loss
C:\Program Files\GRAPHISOFT\API Development Kit 28.3001\Support\Inc\APIdefs_Environment.h(867,1): warning C4819: The file contains a character that cannot be represented in the current code page (932). Save the file in Unicode format to prevent data loss
  InputMashiAuto.cpp
C:\Program Files\GRAPHISOFT\API Development Kit 28.3001\Support\Inc\APIdefs_LibraryParts.h(1,1): warning C4819: The file contains a character that cannot be represented in the current code page (932). Save the file in Unicode format to prevent data loss
C:\Program Files\GRAPHISOFT\API Development Kit 28.3001\Support\Inc\APIdefs_Environment.h(867,1): warning C4819: The file contains a character that cannot be represented in the current code page (932). Save the file in Unicode format to prevent data loss
  LayerListBox.cpp
C:\Program Files\GRAPHISOFT\API Development Kit 28.3001\Support\Inc\APIdefs_LibraryParts.h(1,1): warning C4819: The file contains a character that cannot be represented in the current code page (932). Save the file in Unicode format to prevent data loss
C:\Program Files\GRAPHISOFT\API Development Kit 28.3001\Support\Inc\APIdefs_Environment.h(867,1): warning C4819: The file contains a character that cannot be represented in the current code page (932). Save the file in Unicode format to prevent data loss
  LevelExport.cpp
C:\Program Files\GRAPHISOFT\API Development Kit 28.3001\Support\Inc\APIdefs_LibraryParts.h(1,1): warning C4819: The file contains a character that cannot be represented in the current code page (932). Save the file in Unicode format to prevent data loss
C:\Program Files\GRAPHISOFT\API Development Kit 28.3001\Support\Inc\APIdefs_Environment.h(867,1): warning C4819: The file contains a character that cannot be represented in the current code page (932). Save the file in Unicode format to prevent data loss
LevelExport.cpp(17,29): warning C4996: 'std::codecvt_utf8<wchar_t,1114111,(std::codecvt_mode)0>': warning STL4017: std::wbuffer_convert, std::wstring_convert, and the <codecvt> header (containing std::codecvt_mode, std::codecvt_utf8, std::codecvt_utf16, and std::codecvt_utf8_utf16) are deprecated in C++17. (The std::codecvt class template is NOT deprecated.) The C++ Standard doesn't provide equivalent non-deprecated functionality; consider using MultiByteToWideChar() and WideCharToMultiByte() from <Windows.h> instead. You can define _SILENCE_CXX17_CODECVT_HEADER_DEPRECATION_WARNING or _SILENCE_ALL_CXX17_DEPRECATION_WARNINGS to acknowledge that you have received this warning.
C:\Program Files (x86)\Microsoft Visual Studio\2019\Community\VC\Tools\MSVC\14.29.30133\include\codecvt(33,52): message : see declaration of 'std::codecvt_utf8'
LevelExport.cpp(18,7): warning C4996: 'std::wstring_convert<convert_typeX,wchar_t,std::allocator<wchar_t>,std::allocator<char>>': warning STL4017: std::wbuffer_convert, std::wstring_convert, and the <codecvt> header (containing std::codecvt_mode, std::codecvt_utf8, std::codecvt_utf16, and std::codecvt_utf8_utf16) are deprecated in C++17. (The std::codecvt class template is NOT deprecated.) The C++ Standard doesn't provide equivalent non-deprecated functionality; consider using MultiByteToWideChar() and WideCharToMultiByte() from <Windows.h> instead. You can define _SILENCE_CXX17_CODECVT_HEADER_DEPRECATION_WARNING or _SILENCE_ALL_CXX17_DEPRECATION_WARNINGS to acknowledge that you have received this warning.
C:\Program Files (x86)\Microsoft Visual Studio\2019\Community\VC\Tools\MSVC\14.29.30133\include\xlocbuf(300,55): message : see declaration of 'std::wstring_convert'
LevelExport.cpp(18,47): warning C4996: 'std::wstring_convert<convert_typeX,wchar_t,std::allocator<wchar_t>,std::allocator<char>>::wstring_convert': warning STL4017: std::wbuffer_convert, std::wstring_convert, and the <codecvt> header (containing std::codecvt_mode, std::codecvt_utf8, std::codecvt_utf16, and std::codecvt_utf8_utf16) are deprecated in C++17. (The std::codecvt class template is NOT deprecated.) The C++ Standard doesn't provide equivalent non-deprecated functionality; consider using MultiByteToWideChar() and WideCharToMultiByte() from <Windows.h> instead. You can define _SILENCE_CXX17_CODECVT_HEADER_DEPRECATION_WARNING or _SILENCE_ALL_CXX17_DEPRECATION_WARNINGS to acknowledge that you have received this warning.
LevelExport.cpp(19,19): warning C4996: 'std::wstring_convert<convert_typeX,wchar_t,std::allocator<wchar_t>,std::allocator<char>>::to_bytes': warning STL4017: std::wbuffer_convert, std::wstring_convert, and the <codecvt> header (containing std::codecvt_mode, std::codecvt_utf8, std::codecvt_utf16, and std::codecvt_utf8_utf16) are deprecated in C++17. (The std::codecvt class template is NOT deprecated.) The C++ Standard doesn't provide equivalent non-deprecated functionality; consider using MultiByteToWideChar() and WideCharToMultiByte() from <Windows.h> instead. You can define _SILENCE_CXX17_CODECVT_HEADER_DEPRECATION_WARNING or _SILENCE_ALL_CXX17_DEPRECATION_WARNINGS to acknowledge that you have received this warning.
  LevelImport.cpp
C:\Program Files\GRAPHISOFT\API Development Kit 28.3001\Support\Inc\APIdefs_LibraryParts.h(1,1): warning C4819: The file contains a character that cannot be represented in the current code page (932). Save the file in Unicode format to prevent data loss
C:\Program Files\GRAPHISOFT\API Development Kit 28.3001\Support\Inc\APIdefs_Environment.h(867,1): warning C4819: The file contains a character that cannot be represented in the current code page (932). Save the file in Unicode format to prevent data loss
LevelImport.cpp(16,20): warning C4018: '<': signed/unsigned mismatch
LevelImport.cpp(19,25): warning C4018: '<': signed/unsigned mismatch
LevelImport.cpp(35,20): warning C4018: '<': signed/unsigned mismatch
LevelImport.cpp(38,25): warning C4018: '<': signed/unsigned mismatch
LevelImport.cpp(72,47): warning C4244: '=': conversion from 'double' to 'short', possible loss of data
LevelImport.cpp(91,23): warning C4244: '=': conversion from 'double' to 'short', possible loss of data
LevelImport.cpp(103,22): warning C4244: '=': conversion from 'double' to 'short', possible loss of data
LevelImport.cpp(57,7): warning C4189: 'isFirst': local variable is initialized but not referenced
LevelImport.cpp(97,15): warning C4189: 'err': local variable is initialized but not referenced
LevelImport.cpp(108,15): warning C4189: 'err': local variable is initialized but not referenced
LevelImport.cpp(117,15): warning C4189: 'err': local variable is initialized but not referenced
LevelImport.cpp(126,15): warning C4189: 'err': local variable is initialized but not referenced
  ModifyHotSpot.cpp
C:\Program Files\GRAPHISOFT\API Development Kit 28.3001\Support\Inc\APIdefs_LibraryParts.h(1,1): warning C4819: The file contains a character that cannot be represented in the current code page (932). Save the file in Unicode format to prevent data loss
C:\Program Files\GRAPHISOFT\API Development Kit 28.3001\Support\Inc\APIdefs_Environment.h(867,1): warning C4819: The file contains a character that cannot be represented in the current code page (932). Save the file in Unicode format to prevent data loss
  ModifyHotSpotH.cpp
C:\Program Files\GRAPHISOFT\API Development Kit 28.3001\Support\Inc\APIdefs_LibraryParts.h(1,1): warning C4819: The file contains a character that cannot be represented in the current code page (932). Save the file in Unicode format to prevent data loss
C:\Program Files\GRAPHISOFT\API Development Kit 28.3001\Support\Inc\APIdefs_Environment.h(867,1): warning C4819: The file contains a character that cannot be represented in the current code page (932). Save the file in Unicode format to prevent data loss
ModifyHotSpotH.cpp(250,13): warning C4244: 'initializing': conversion from 'double' to 'int', possible loss of data
ModifyHotSpotH.cpp(251,13): warning C4244: 'initializing': conversion from 'double' to 'int', possible loss of data
ModifyHotSpotH.cpp(353,12): warning C4244: 'initializing': conversion from 'double' to 'int', possible loss of data
ModifyHotSpotH.cpp(354,12): warning C4244: 'initializing': conversion from 'double' to 'int', possible loss of data
  ModifyHotSpotRec.cpp
C:\Program Files\GRAPHISOFT\API Development Kit 28.3001\Support\Inc\APIdefs_LibraryParts.h(1,1): warning C4819: The file contains a character that cannot be represented in the current code page (932). Save the file in Unicode format to prevent data loss
C:\Program Files\GRAPHISOFT\API Development Kit 28.3001\Support\Inc\APIdefs_Environment.h(867,1): warning C4819: The file contains a character that cannot be represented in the current code page (932). Save the file in Unicode format to prevent data loss
ModifyHotSpotRec.cpp(32,12): warning C4244: 'initializing': conversion from 'double' to 'int', possible loss of data
ModifyHotSpotRec.cpp(33,12): warning C4244: 'initializing': conversion from 'double' to 'int', possible loss of data
ModifyHotSpotRec.cpp(88,13): warning C4244: 'initializing': conversion from 'double' to 'int', possible loss of data
ModifyHotSpotRec.cpp(89,13): warning C4244: 'initializing': conversion from 'double' to 'int', possible loss of data
ModifyHotSpotRec.cpp(125,13): warning C4244: 'initializing': conversion from 'double' to 'int', possible loss of data
ModifyHotSpotRec.cpp(126,13): warning C4244: 'initializing': conversion from 'double' to 'int', possible loss of data
  OffsetFromTopForm.cpp
C:\Program Files\GRAPHISOFT\API Development Kit 28.3001\Support\Inc\APIdefs_LibraryParts.h(1,1): warning C4819: The file contains a character that cannot be represented in the current code page (932). Save the file in Unicode format to prevent data loss
C:\Program Files\GRAPHISOFT\API Development Kit 28.3001\Support\Inc\APIdefs_Environment.h(867,1): warning C4819: The file contains a character that cannot be represented in the current code page (932). Save the file in Unicode format to prevent data loss
  OpeningWallBinding.cpp
C:\Program Files\GRAPHISOFT\API Development Kit 28.3001\Support\Inc\APIdefs_LibraryParts.h(1,1): warning C4819: The file contains a character that cannot be represented in the current code page (932). Save the file in Unicode format to prevent data loss
C:\Program Files\GRAPHISOFT\API Development Kit 28.3001\Support\Inc\APIdefs_Environment.h(867,1): warning C4819: The file contains a character that cannot be represented in the current code page (932). Save the file in Unicode format to prevent data loss
  PaintWallBinding.cpp
C:\Program Files\GRAPHISOFT\API Development Kit 28.3001\Support\Inc\APIdefs_LibraryParts.h(1,1): warning C4819: The file contains a character that cannot be represented in the current code page (932). Save the file in Unicode format to prevent data loss
C:\Program Files\GRAPHISOFT\API Development Kit 28.3001\Support\Inc\APIdefs_Environment.h(867,1): warning C4819: The file contains a character that cannot be represented in the current code page (932). Save the file in Unicode format to prevent data loss
PaintWallBinding.cpp(36,31): warning C4996: 'std::codecvt_utf8<unsigned short,1114111,(std::codecvt_mode)0>': warning STL4017: std::wbuffer_convert, std::wstring_convert, and the <codecvt> header (containing std::codecvt_mode, std::codecvt_utf8, std::codecvt_utf16, and std::codecvt_utf8_utf16) are deprecated in C++17. (The std::codecvt class template is NOT deprecated.) The C++ Standard doesn't provide equivalent non-deprecated functionality; consider using MultiByteToWideChar() and WideCharToMultiByte() from <Windows.h> instead. You can define _SILENCE_CXX17_CODECVT_HEADER_DEPRECATION_WARNING or _SILENCE_ALL_CXX17_DEPRECATION_WARNINGS to acknowledge that you have received this warning.
C:\Program Files (x86)\Microsoft Visual Studio\2019\Community\VC\Tools\MSVC\14.29.30133\include\codecvt(33,52): message : see declaration of 'std::codecvt_utf8'
PaintWallBinding.cpp(37,10): warning C4996: 'std::wstring_convert<convert_type,unsigned short,std::allocator<wchar_t>,std::allocator<char>>': warning STL4017: std::wbuffer_convert, std::wstring_convert, and the <codecvt> header (containing std::codecvt_mode, std::codecvt_utf8, std::codecvt_utf16, and std::codecvt_utf8_utf16) are deprecated in C++17. (The std::codecvt class template is NOT deprecated.) The C++ Standard doesn't provide equivalent non-deprecated functionality; consider using MultiByteToWideChar() and WideCharToMultiByte() from <Windows.h> instead. You can define _SILENCE_CXX17_CODECVT_HEADER_DEPRECATION_WARNING or _SILENCE_ALL_CXX17_DEPRECATION_WARNINGS to acknowledge that you have received this warning.
C:\Program Files (x86)\Microsoft Visual Studio\2019\Community\VC\Tools\MSVC\14.29.30133\include\xlocbuf(300,55): message : see declaration of 'std::wstring_convert'
PaintWallBinding.cpp(37,75): warning C4996: 'std::wstring_convert<convert_type,unsigned short,std::allocator<wchar_t>,std::allocator<char>>::wstring_convert': warning STL4017: std::wbuffer_convert, std::wstring_convert, and the <codecvt> header (containing std::codecvt_mode, std::codecvt_utf8, std::codecvt_utf16, and std::codecvt_utf8_utf16) are deprecated in C++17. (The std::codecvt class template is NOT deprecated.) The C++ Standard doesn't provide equivalent non-deprecated functionality; consider using MultiByteToWideChar() and WideCharToMultiByte() from <Windows.h> instead. You can define _SILENCE_CXX17_CODECVT_HEADER_DEPRECATION_WARNING or _SILENCE_ALL_CXX17_DEPRECATION_WARNINGS to acknowledge that you have received this warning.
PaintWallBinding.cpp(40,21): warning C4996: 'std::wstring_convert<convert_type,unsigned short,std::allocator<wchar_t>,std::allocator<char>>::from_bytes': warning STL4017: std::wbuffer_convert, std::wstring_convert, and the <codecvt> header (containing std::codecvt_mode, std::codecvt_utf8, std::codecvt_utf16, and std::codecvt_utf8_utf16) are deprecated in C++17. (The std::codecvt class template is NOT deprecated.) The C++ Standard doesn't provide equivalent non-deprecated functionality; consider using MultiByteToWideChar() and WideCharToMultiByte() from <Windows.h> instead. You can define _SILENCE_CXX17_CODECVT_HEADER_DEPRECATION_WARNING or _SILENCE_ALL_CXX17_DEPRECATION_WARNINGS to acknowledge that you have received this warning.
  ParametersSet.cpp
C:\Program Files\GRAPHISOFT\API Development Kit 28.3001\Support\Inc\APIdefs_LibraryParts.h(1,1): warning C4819: The file contains a character that cannot be represented in the current code page (932). Save the file in Unicode format to prevent data loss
C:\Program Files\GRAPHISOFT\API Development Kit 28.3001\Support\Inc\APIdefs_Environment.h(867,1): warning C4819: The file contains a character that cannot be represented in the current code page (932). Save the file in Unicode format to prevent data loss
  PickPoint.cpp
C:\Program Files\GRAPHISOFT\API Development Kit 28.3001\Support\Inc\APIdefs_LibraryParts.h(1,1): warning C4819: The file contains a character that cannot be represented in the current code page (932). Save the file in Unicode format to prevent data loss
C:\Program Files\GRAPHISOFT\API Development Kit 28.3001\Support\Inc\APIdefs_Environment.h(867,1): warning C4819: The file contains a character that cannot be represented in the current code page (932). Save the file in Unicode format to prevent data loss
  Generating Code...
C:\Users\Admin\Documents\ArchicadApi28\Build\ParametersSet.cpp(120): warning C4706: assignment within conditional expression
C:\Users\Admin\Documents\ArchicadApi28\Build\PaintWallBinding.cpp(161): warning C4701: potentially uninitialized local variable 'indexMaxMaxMaterial' used
C:\Users\Admin\Documents\ArchicadApi28\Build\PaintWallBinding.cpp(197): warning C4701: potentially uninitialized local variable 'storyBabaki' used
C:\Users\Admin\Documents\ArchicadApi28\Build\PaintWallBinding.cpp(197): warning C4701: potentially uninitialized local variable 'currentStory' used
C:\Users\Admin\Documents\ArchicadApi28\Build\FireProtectBinding.cpp(26): warning C4706: assignment within conditional expression
C:\Users\Admin\Documents\ArchicadApi28\Build\FamilyByPointBinding.cpp(111): warning C4701: potentially uninitialized local variable 'currentStory' used
C:\Users\Admin\Documents\ArchicadApi28\Build\DimensionUtilities.cpp(60): warning C4172: returning address of local variable or temporary: result
C:\Users\Admin\Documents\ArchicadApi28\Build\DimensionUtilities.cpp(93): warning C4172: returning address of local variable or temporary: result
  Compiling...
  PoinsToMeshBinding.cpp
C:\Program Files\GRAPHISOFT\API Development Kit 28.3001\Support\Inc\APIdefs_LibraryParts.h(1,1): warning C4819: The file contains a character that cannot be represented in the current code page (932). Save the file in Unicode format to prevent data loss
C:\Program Files\GRAPHISOFT\API Development Kit 28.3001\Support\Inc\APIdefs_Environment.h(867,1): warning C4819: The file contains a character that cannot be represented in the current code page (932). Save the file in Unicode format to prevent data loss
PoinsToMeshBinding.cpp(111,58): warning C4267: 'initializing': conversion from 'size_t' to 'GS::Int32', possible loss of data
PoinsToMeshBinding.cpp(113,76): warning C4267: '=': conversion from 'size_t' to 'GS::Int32', possible loss of data
PoinsToMeshBinding.cpp(116,144): warning C4267: 'argument': conversion from 'size_t' to 'GS::GSSize', possible loss of data
  ProfileRecSteelAtribute.cpp
C:\Program Files\GRAPHISOFT\API Development Kit 28.3001\Support\Inc\APIdefs_LibraryParts.h(1,1): warning C4819: The file contains a character that cannot be represented in the current code page (932). Save the file in Unicode format to prevent data loss
C:\Program Files\GRAPHISOFT\API Development Kit 28.3001\Support\Inc\APIdefs_Environment.h(867,1): warning C4819: The file contains a character that cannot be represented in the current code page (932). Save the file in Unicode format to prevent data loss
ProfileRecSteelAtribute.cpp(24,29): warning C4996: 'std::codecvt_utf8_utf16<wchar_t,1114111,(std::codecvt_mode)0>': warning STL4017: std::wbuffer_convert, std::wstring_convert, and the <codecvt> header (containing std::codecvt_mode, std::codecvt_utf8, std::codecvt_utf16, and std::codecvt_utf8_utf16) are deprecated in C++17. (The std::codecvt class template is NOT deprecated.) The C++ Standard doesn't provide equivalent non-deprecated functionality; consider using MultiByteToWideChar() and WideCharToMultiByte() from <Windows.h> instead. You can define _SILENCE_CXX17_CODECVT_HEADER_DEPRECATION_WARNING or _SILENCE_ALL_CXX17_DEPRECATION_WARNINGS to acknowledge that you have received this warning.
C:\Program Files (x86)\Microsoft Visual Studio\2019\Community\VC\Tools\MSVC\14.29.30133\include\codecvt(425,5): message : see declaration of 'std::codecvt_utf8_utf16'
ProfileRecSteelAtribute.cpp(24,8): warning C4996: 'std::wstring_convert<std::codecvt_utf8_utf16<wchar_t,1114111,(std::codecvt_mode)0>,wchar_t,std::allocator<wchar_t>,std::allocator<char>>': warning STL4017: std::wbuffer_convert, std::wstring_convert, and the <codecvt> header (containing std::codecvt_mode, std::codecvt_utf8, std::codecvt_utf16, and std::codecvt_utf8_utf16) are deprecated in C++17. (The std::codecvt class template is NOT deprecated.) The C++ Standard doesn't provide equivalent non-deprecated functionality; consider using MultiByteToWideChar() and WideCharToMultiByte() from <Windows.h> instead. You can define _SILENCE_CXX17_CODECVT_HEADER_DEPRECATION_WARNING or _SILENCE_ALL_CXX17_DEPRECATION_WARNINGS to acknowledge that you have received this warning.
C:\Program Files (x86)\Microsoft Visual Studio\2019\Community\VC\Tools\MSVC\14.29.30133\include\xlocbuf(300,55): message : see declaration of 'std::wstring_convert'
ProfileRecSteelAtribute.cpp(51,14): warning C4244: 'initializing': conversion from 'double' to 'int', possible loss of data
ProfileRecSteelAtribute.cpp(52,14): warning C4244: 'initializing': conversion from 'double' to 'int', possible loss of data
ProfileRecSteelAtribute.cpp(98,24): warning C4018: '<': signed/unsigned mismatch
ProfileRecSteelAtribute.cpp(24,58): warning C4996: 'std::wstring_convert<std::codecvt_utf8_utf16<wchar_t,1114111,(std::codecvt_mode)0>,wchar_t,std::allocator<wchar_t>,std::allocator<char>>::wstring_convert': warning STL4017: std::wbuffer_convert, std::wstring_convert, and the <codecvt> header (containing std::codecvt_mode, std::codecvt_utf8, std::codecvt_utf16, and std::codecvt_utf8_utf16) are deprecated in C++17. (The std::codecvt class template is NOT deprecated.) The C++ Standard doesn't provide equivalent non-deprecated functionality; consider using MultiByteToWideChar() and WideCharToMultiByte() from <Windows.h> instead. You can define _SILENCE_CXX17_CODECVT_HEADER_DEPRECATION_WARNING or _SILENCE_ALL_CXX17_DEPRECATION_WARNINGS to acknowledge that you have received this warning.
ProfileRecSteelAtribute.cpp(25,18): warning C4996: 'std::wstring_convert<std::codecvt_utf8_utf16<wchar_t,1114111,(std::codecvt_mode)0>,wchar_t,std::allocator<wchar_t>,std::allocator<char>>::to_bytes': warning STL4017: std::wbuffer_convert, std::wstring_convert, and the <codecvt> header (containing std::codecvt_mode, std::codecvt_utf8, std::codecvt_utf16, and std::codecvt_utf8_utf16) are deprecated in C++17. (The std::codecvt class template is NOT deprecated.) The C++ Standard doesn't provide equivalent non-deprecated functionality; consider using MultiByteToWideChar() and WideCharToMultiByte() from <Windows.h> instead. You can define _SILENCE_CXX17_CODECVT_HEADER_DEPRECATION_WARNING or _SILENCE_ALL_CXX17_DEPRECATION_WARNINGS to acknowledge that you have received this warning.
  QtDimensionForm.cpp
C:\Program Files\GRAPHISOFT\API Development Kit 28.3001\Support\Inc\APIdefs_LibraryParts.h(1,1): warning C4819: The file contains a character that cannot be represented in the current code page (932). Save the file in Unicode format to prevent data loss
C:\Program Files\GRAPHISOFT\API Development Kit 28.3001\Support\Inc\APIdefs_Environment.h(867,1): warning C4819: The file contains a character that cannot be represented in the current code page (932). Save the file in Unicode format to prevent data loss
  ReadDataCad.cpp
C:\Program Files\GRAPHISOFT\API Development Kit 28.3001\Support\Inc\APIdefs_LibraryParts.h(1,1): warning C4819: The file contains a character that cannot be represented in the current code page (932). Save the file in Unicode format to prevent data loss
C:\Program Files\GRAPHISOFT\API Development Kit 28.3001\Support\Inc\APIdefs_Environment.h(867,1): warning C4819: The file contains a character that cannot be represented in the current code page (932). Save the file in Unicode format to prevent data loss
ReadDataCad.cpp(132,70): warning C4996: 'std::codecvt_utf8<wchar_t,1114111,(std::codecvt_mode)0>': warning STL4017: std::wbuffer_convert, std::wstring_convert, and the <codecvt> header (containing std::codecvt_mode, std::codecvt_utf8, std::codecvt_utf16, and std::codecvt_utf8_utf16) are deprecated in C++17. (The std::codecvt class template is NOT deprecated.) The C++ Standard doesn't provide equivalent non-deprecated functionality; consider using MultiByteToWideChar() and WideCharToMultiByte() from <Windows.h> instead. You can define _SILENCE_CXX17_CODECVT_HEADER_DEPRECATION_WARNING or _SILENCE_ALL_CXX17_DEPRECATION_WARNINGS to acknowledge that you have received this warning.
C:\Program Files (x86)\Microsoft Visual Studio\2019\Community\VC\Tools\MSVC\14.29.30133\include\codecvt(33,52): message : see declaration of 'std::codecvt_utf8'
ReadDataCad.cpp(132,91): warning C4996: 'std::codecvt_utf8<wchar_t,1114111,(std::codecvt_mode)0>::codecvt_utf8': warning STL4017: std::wbuffer_convert, std::wstring_convert, and the <codecvt> header (containing std::codecvt_mode, std::codecvt_utf8, std::codecvt_utf16, and std::codecvt_utf8_utf16) are deprecated in C++17. (The std::codecvt class template is NOT deprecated.) The C++ Standard doesn't provide equivalent non-deprecated functionality; consider using MultiByteToWideChar() and WideCharToMultiByte() from <Windows.h> instead. You can define _SILENCE_CXX17_CODECVT_HEADER_DEPRECATION_WARNING or _SILENCE_ALL_CXX17_DEPRECATION_WARNINGS to acknowledge that you have received this warning.
C:\Program Files (x86)\Microsoft Visual Studio\2019\Community\VC\Tools\MSVC\14.29.30133\include\xlocale(254,1): warning C4996: 'std::codecvt_utf8<wchar_t,1114111,(std::codecvt_mode)0>': warning STL4017: std::wbuffer_convert, std::wstring_convert, and the <codecvt> header (containing std::codecvt_mode, std::codecvt_utf8, std::codecvt_utf16, and std::codecvt_utf8_utf16) are deprecated in C++17. (The std::codecvt class template is NOT deprecated.) The C++ Standard doesn't provide equivalent non-deprecated functionality; consider using MultiByteToWideChar() and WideCharToMultiByte() from <Windows.h> instead. You can define _SILENCE_CXX17_CODECVT_HEADER_DEPRECATION_WARNING or _SILENCE_ALL_CXX17_DEPRECATION_WARNINGS to acknowledge that you have received this warning.
C:\Program Files (x86)\Microsoft Visual Studio\2019\Community\VC\Tools\MSVC\14.29.30133\include\codecvt(33,52): message : see declaration of 'std::codecvt_utf8'
ReadDataCad.cpp(132): message : see reference to function template instantiation 'std::locale::locale<std::codecvt_utf8<wchar_t,1114111,(std::codecvt_mode)0>>(const std::locale &,const _Facet *)' being compiled
          with
          [
              _Facet=std::codecvt_utf8<wchar_t,1114111,(std::codecvt_mode)0>
          ]
ReadDataCad.cpp(53,21): warning C4505: 'GetSpecialFolderLocation': unreferenced function with internal linkage has been removed
  ReadExcel.cpp
C:\Program Files\GRAPHISOFT\API Development Kit 28.3001\Support\Inc\APIdefs_LibraryParts.h(1,1): warning C4819: The file contains a character that cannot be represented in the current code page (932). Save the file in Unicode format to prevent data loss
C:\Program Files\GRAPHISOFT\API Development Kit 28.3001\Support\Inc\APIdefs_Environment.h(867,1): warning C4819: The file contains a character that cannot be represented in the current code page (932). Save the file in Unicode format to prevent data loss
ReadExcel.cpp(34,48): warning C4244: '=': conversion from 'long double' to 'double', possible loss of data
ReadExcel.cpp(35,49): warning C4244: '=': conversion from 'long double' to 'double', possible loss of data
ReadExcel.cpp(61,52): warning C4244: '=': conversion from 'long double' to 'double', possible loss of data
ReadExcel.cpp(62,53): warning C4244: '=': conversion from 'long double' to 'double', possible loss of data
ReadExcel.cpp(95,48): warning C4244: '=': conversion from 'long double' to 'double', possible loss of data
ReadExcel.cpp(96,49): warning C4244: '=': conversion from 'long double' to 'double', possible loss of data
ReadExcel.cpp(97,45): warning C4244: '=': conversion from 'long double' to 'double', possible loss of data
ReadExcel.cpp(98,45): warning C4244: '=': conversion from 'long double' to 'double', possible loss of data
ReadExcel.cpp(124,52): warning C4244: '=': conversion from 'long double' to 'double', possible loss of data
ReadExcel.cpp(125,53): warning C4244: '=': conversion from 'long double' to 'double', possible loss of data
ReadExcel.cpp(126,49): warning C4244: '=': conversion from 'long double' to 'double', possible loss of data
ReadExcel.cpp(127,49): warning C4244: '=': conversion from 'long double' to 'double', possible loss of data
ReadExcel.cpp(159,48): warning C4244: '=': conversion from 'long double' to 'double', possible loss of data
ReadExcel.cpp(160,49): warning C4244: '=': conversion from 'long double' to 'double', possible loss of data
ReadExcel.cpp(161,52): warning C4244: '=': conversion from 'long double' to 'double', possible loss of data
ReadExcel.cpp(192,48): warning C4244: '=': conversion from 'long double' to 'double', possible loss of data
ReadExcel.cpp(193,49): warning C4244: '=': conversion from 'long double' to 'double', possible loss of data
ReadExcel.cpp(225,48): warning C4244: '=': conversion from 'long double' to 'double', possible loss of data
ReadExcel.cpp(226,49): warning C4244: '=': conversion from 'long double' to 'double', possible loss of data
ReadExcel.cpp(257,46): warning C4244: '=': conversion from 'long double' to 'double', possible loss of data
ReadExcel.cpp(258,49): warning C4244: '=': conversion from 'long double' to 'double', possible loss of data
ReadExcel.cpp(259,46): warning C4244: '=': conversion from 'long double' to 'double', possible loss of data
ReadExcel.cpp(260,48): warning C4244: '=': conversion from 'long double' to 'double', possible loss of data
ReadExcel.cpp(285,50): warning C4244: '=': conversion from 'long double' to 'double', possible loss of data
ReadExcel.cpp(286,53): warning C4244: '=': conversion from 'long double' to 'double', possible loss of data
ReadExcel.cpp(287,51): warning C4244: '=': conversion from 'long double' to 'double', possible loss of data
ReadExcel.cpp(288,52): warning C4244: '=': conversion from 'long double' to 'double', possible loss of data
  RemoveIdSao.cpp
C:\Program Files\GRAPHISOFT\API Development Kit 28.3001\Support\Inc\APIdefs_LibraryParts.h(1,1): warning C4819: The file contains a character that cannot be represented in the current code page (932). Save the file in Unicode format to prevent data loss
C:\Program Files\GRAPHISOFT\API Development Kit 28.3001\Support\Inc\APIdefs_Environment.h(867,1): warning C4819: The file contains a character that cannot be represented in the current code page (932). Save the file in Unicode format to prevent data loss
RemoveIdSao.cpp(27,14): warning C4101: 'element': unreferenced local variable
RemoveIdSao.cpp(49,14): warning C4101: 'element': unreferenced local variable
  SelectEditElementBinding.cpp
C:\Program Files\GRAPHISOFT\API Development Kit 28.3001\Support\Inc\APIdefs_LibraryParts.h(1,1): warning C4819: The file contains a character that cannot be represented in the current code page (932). Save the file in Unicode format to prevent data loss
C:\Program Files\GRAPHISOFT\API Development Kit 28.3001\Support\Inc\APIdefs_Environment.h(867,1): warning C4819: The file contains a character that cannot be represented in the current code page (932). Save the file in Unicode format to prevent data loss
SelectEditElementBinding.cpp(7,14): warning C4189: 'err': local variable is initialized but not referenced
  SeparateMirror.cpp
C:\Program Files\GRAPHISOFT\API Development Kit 28.3001\Support\Inc\APIdefs_LibraryParts.h(1,1): warning C4819: The file contains a character that cannot be represented in the current code page (932). Save the file in Unicode format to prevent data loss
C:\Program Files\GRAPHISOFT\API Development Kit 28.3001\Support\Inc\APIdefs_Environment.h(867,1): warning C4819: The file contains a character that cannot be represented in the current code page (932). Save the file in Unicode format to prevent data loss
  SeperateWall.cpp
C:\Program Files\GRAPHISOFT\API Development Kit 28.3001\Support\Inc\APIdefs_LibraryParts.h(1,1): warning C4819: The file contains a character that cannot be represented in the current code page (932). Save the file in Unicode format to prevent data loss
C:\Program Files\GRAPHISOFT\API Development Kit 28.3001\Support\Inc\APIdefs_Environment.h(867,1): warning C4819: The file contains a character that cannot be represented in the current code page (932). Save the file in Unicode format to prevent data loss
SeperateWall.cpp(32,28): warning C4996: 'std::codecvt_utf8<unsigned short,1114111,(std::codecvt_mode)0>': warning STL4017: std::wbuffer_convert, std::wstring_convert, and the <codecvt> header (containing std::codecvt_mode, std::codecvt_utf8, std::codecvt_utf16, and std::codecvt_utf8_utf16) are deprecated in C++17. (The std::codecvt class template is NOT deprecated.) The C++ Standard doesn't provide equivalent non-deprecated functionality; consider using MultiByteToWideChar() and WideCharToMultiByte() from <Windows.h> instead. You can define _SILENCE_CXX17_CODECVT_HEADER_DEPRECATION_WARNING or _SILENCE_ALL_CXX17_DEPRECATION_WARNINGS to acknowledge that you have received this warning.
C:\Program Files (x86)\Microsoft Visual Studio\2019\Community\VC\Tools\MSVC\14.29.30133\include\codecvt(33,52): message : see declaration of 'std::codecvt_utf8'
SeperateWall.cpp(33,7): warning C4996: 'std::wstring_convert<convert_type,unsigned short,std::allocator<wchar_t>,std::allocator<char>>': warning STL4017: std::wbuffer_convert, std::wstring_convert, and the <codecvt> header (containing std::codecvt_mode, std::codecvt_utf8, std::codecvt_utf16, and std::codecvt_utf8_utf16) are deprecated in C++17. (The std::codecvt class template is NOT deprecated.) The C++ Standard doesn't provide equivalent non-deprecated functionality; consider using MultiByteToWideChar() and WideCharToMultiByte() from <Windows.h> instead. You can define _SILENCE_CXX17_CODECVT_HEADER_DEPRECATION_WARNING or _SILENCE_ALL_CXX17_DEPRECATION_WARNINGS to acknowledge that you have received this warning.
C:\Program Files (x86)\Microsoft Visual Studio\2019\Community\VC\Tools\MSVC\14.29.30133\include\xlocbuf(300,55): message : see declaration of 'std::wstring_convert'
SeperateWall.cpp(33,72): warning C4996: 'std::wstring_convert<convert_type,unsigned short,std::allocator<wchar_t>,std::allocator<char>>::wstring_convert': warning STL4017: std::wbuffer_convert, std::wstring_convert, and the <codecvt> header (containing std::codecvt_mode, std::codecvt_utf8, std::codecvt_utf16, and std::codecvt_utf8_utf16) are deprecated in C++17. (The std::codecvt class template is NOT deprecated.) The C++ Standard doesn't provide equivalent non-deprecated functionality; consider using MultiByteToWideChar() and WideCharToMultiByte() from <Windows.h> instead. You can define _SILENCE_CXX17_CODECVT_HEADER_DEPRECATION_WARNING or _SILENCE_ALL_CXX17_DEPRECATION_WARNINGS to acknowledge that you have received this warning.
SeperateWall.cpp(36,18): warning C4996: 'std::wstring_convert<convert_type,unsigned short,std::allocator<wchar_t>,std::allocator<char>>::from_bytes': warning STL4017: std::wbuffer_convert, std::wstring_convert, and the <codecvt> header (containing std::codecvt_mode, std::codecvt_utf8, std::codecvt_utf16, and std::codecvt_utf8_utf16) are deprecated in C++17. (The std::codecvt class template is NOT deprecated.) The C++ Standard doesn't provide equivalent non-deprecated functionality; consider using MultiByteToWideChar() and WideCharToMultiByte() from <Windows.h> instead. You can define _SILENCE_CXX17_CODECVT_HEADER_DEPRECATION_WARNING or _SILENCE_ALL_CXX17_DEPRECATION_WARNINGS to acknowledge that you have received this warning.
  WallCad.cpp
C:\Program Files\GRAPHISOFT\API Development Kit 28.3001\Support\Inc\APIdefs_LibraryParts.h(1,1): warning C4819: The file contains a character that cannot be represented in the current code page (932). Save the file in Unicode format to prevent data loss
C:\Program Files\GRAPHISOFT\API Development Kit 28.3001\Support\Inc\APIdefs_Environment.h(867,1): warning C4819: The file contains a character that cannot be represented in the current code page (932). Save the file in Unicode format to prevent data loss
  WallCeiling.cpp
C:\Program Files\GRAPHISOFT\API Development Kit 28.3001\Support\Inc\APIdefs_LibraryParts.h(1,1): warning C4819: The file contains a character that cannot be represented in the current code page (932). Save the file in Unicode format to prevent data loss
C:\Program Files\GRAPHISOFT\API Development Kit 28.3001\Support\Inc\APIdefs_Environment.h(867,1): warning C4819: The file contains a character that cannot be represented in the current code page (932). Save the file in Unicode format to prevent data loss
  WallDimension.cpp
C:\Program Files\GRAPHISOFT\API Development Kit 28.3001\Support\Inc\APIdefs_LibraryParts.h(1,1): warning C4819: The file contains a character that cannot be represented in the current code page (932). Save the file in Unicode format to prevent data loss
C:\Program Files\GRAPHISOFT\API Development Kit 28.3001\Support\Inc\APIdefs_Environment.h(867,1): warning C4819: The file contains a character that cannot be represented in the current code page (932). Save the file in Unicode format to prevent data loss
  WalllWithLineDimenison.cpp
C:\Program Files\GRAPHISOFT\API Development Kit 28.3001\Support\Inc\APIdefs_LibraryParts.h(1,1): warning C4819: The file contains a character that cannot be represented in the current code page (932). Save the file in Unicode format to prevent data loss
C:\Program Files\GRAPHISOFT\API Development Kit 28.3001\Support\Inc\APIdefs_Environment.h(867,1): warning C4819: The file contains a character that cannot be represented in the current code page (932). Save the file in Unicode format to prevent data loss
  WallToFloorBinding.cpp
C:\Program Files\GRAPHISOFT\API Development Kit 28.3001\Support\Inc\APIdefs_LibraryParts.h(1,1): warning C4819: The file contains a character that cannot be represented in the current code page (932). Save the file in Unicode format to prevent data loss
C:\Program Files\GRAPHISOFT\API Development Kit 28.3001\Support\Inc\APIdefs_Environment.h(867,1): warning C4819: The file contains a character that cannot be represented in the current code page (932). Save the file in Unicode format to prevent data loss
WallToFloorBinding.cpp(75,28): warning C4996: 'std::codecvt_utf8<unsigned short,1114111,(std::codecvt_mode)0>': warning STL4017: std::wbuffer_convert, std::wstring_convert, and the <codecvt> header (containing std::codecvt_mode, std::codecvt_utf8, std::codecvt_utf16, and std::codecvt_utf8_utf16) are deprecated in C++17. (The std::codecvt class template is NOT deprecated.) The C++ Standard doesn't provide equivalent non-deprecated functionality; consider using MultiByteToWideChar() and WideCharToMultiByte() from <Windows.h> instead. You can define _SILENCE_CXX17_CODECVT_HEADER_DEPRECATION_WARNING or _SILENCE_ALL_CXX17_DEPRECATION_WARNINGS to acknowledge that you have received this warning.
C:\Program Files (x86)\Microsoft Visual Studio\2019\Community\VC\Tools\MSVC\14.29.30133\include\codecvt(33,52): message : see declaration of 'std::codecvt_utf8'
WallToFloorBinding.cpp(76,7): warning C4996: 'std::wstring_convert<convert_type,unsigned short,std::allocator<wchar_t>,std::allocator<char>>': warning STL4017: std::wbuffer_convert, std::wstring_convert, and the <codecvt> header (containing std::codecvt_mode, std::codecvt_utf8, std::codecvt_utf16, and std::codecvt_utf8_utf16) are deprecated in C++17. (The std::codecvt class template is NOT deprecated.) The C++ Standard doesn't provide equivalent non-deprecated functionality; consider using MultiByteToWideChar() and WideCharToMultiByte() from <Windows.h> instead. You can define _SILENCE_CXX17_CODECVT_HEADER_DEPRECATION_WARNING or _SILENCE_ALL_CXX17_DEPRECATION_WARNINGS to acknowledge that you have received this warning.
C:\Program Files (x86)\Microsoft Visual Studio\2019\Community\VC\Tools\MSVC\14.29.30133\include\xlocbuf(300,55): message : see declaration of 'std::wstring_convert'
WallToFloorBinding.cpp(76,72): warning C4996: 'std::wstring_convert<convert_type,unsigned short,std::allocator<wchar_t>,std::allocator<char>>::wstring_convert': warning STL4017: std::wbuffer_convert, std::wstring_convert, and the <codecvt> header (containing std::codecvt_mode, std::codecvt_utf8, std::codecvt_utf16, and std::codecvt_utf8_utf16) are deprecated in C++17. (The std::codecvt class template is NOT deprecated.) The C++ Standard doesn't provide equivalent non-deprecated functionality; consider using MultiByteToWideChar() and WideCharToMultiByte() from <Windows.h> instead. You can define _SILENCE_CXX17_CODECVT_HEADER_DEPRECATION_WARNING or _SILENCE_ALL_CXX17_DEPRECATION_WARNINGS to acknowledge that you have received this warning.
WallToFloorBinding.cpp(79,18): warning C4996: 'std::wstring_convert<convert_type,unsigned short,std::allocator<wchar_t>,std::allocator<char>>::from_bytes': warning STL4017: std::wbuffer_convert, std::wstring_convert, and the <codecvt> header (containing std::codecvt_mode, std::codecvt_utf8, std::codecvt_utf16, and std::codecvt_utf8_utf16) are deprecated in C++17. (The std::codecvt class template is NOT deprecated.) The C++ Standard doesn't provide equivalent non-deprecated functionality; consider using MultiByteToWideChar() and WideCharToMultiByte() from <Windows.h> instead. You can define _SILENCE_CXX17_CODECVT_HEADER_DEPRECATION_WARNING or _SILENCE_ALL_CXX17_DEPRECATION_WARNINGS to acknowledge that you have received this warning.
  AlignBeamToFloor.cpp
C:\Program Files\GRAPHISOFT\API Development Kit 28.3001\Support\Inc\APIdefs_LibraryParts.h(1,1): warning C4819: The file contains a character that cannot be represented in the current code page (932). Save the file in Unicode format to prevent data loss
C:\Program Files\GRAPHISOFT\API Development Kit 28.3001\Support\Inc\APIdefs_Environment.h(867,1): warning C4819: The file contains a character that cannot be represented in the current code page (932). Save the file in Unicode format to prevent data loss
AlignBeamToFloor.cpp(46,14): warning C4189: 'err': local variable is initialized but not referenced
  AlignElements.cpp
C:\Program Files\GRAPHISOFT\API Development Kit 28.3001\Support\Inc\APIdefs_LibraryParts.h(1,1): warning C4819: The file contains a character that cannot be represented in the current code page (932). Save the file in Unicode format to prevent data loss
C:\Program Files\GRAPHISOFT\API Development Kit 28.3001\Support\Inc\APIdefs_Environment.h(867,1): warning C4819: The file contains a character that cannot be represented in the current code page (932). Save the file in Unicode format to prevent data loss
C:\Users\Admin\Documents\ArchicadApi28\Build\PointAndVectorUtilities.h(107,18): warning C4244: 'return': conversion from 'double' to 'float', possible loss of data
C:\Users\Admin\Documents\ArchicadApi28\Build\PointAndVectorUtilities.h(111,14): warning C4244: 'initializing': conversion from 'double' to 'float', possible loss of data
C:\Users\Admin\Documents\ArchicadApi28\Build\PointAndVectorUtilities.h(128,9): warning C4244: 'return': conversion from 'double' to 'float', possible loss of data
AlignElements.cpp(393,37): warning C4244: 'argument': conversion from 'double' to 'float', possible loss of data
AlignElements.cpp(394,37): warning C4244: 'argument': conversion from 'double' to 'float', possible loss of data
AlignElements.cpp(118,9): warning C4101: 'isDegenerate': unreferenced local variable
C:\Users\Admin\Documents\ArchicadApi28\Build\PointAndVectorUtilities.h(31,19): warning C4505: 'operator -': unreferenced function with internal linkage has been removed
C:\Users\Admin\Documents\ArchicadApi28\Build\PointAndVectorUtilities.h(41,19): warning C4505: 'operator +': unreferenced function with internal linkage has been removed
C:\Users\Admin\Documents\ArchicadApi28\Build\PointAndVectorUtilities.h(80,16): warning C4505: 'operator *': unreferenced function with internal linkage has been removed
C:\Users\Admin\Documents\ArchicadApi28\Build\PointAndVectorUtilities.h(115,14): warning C4505: 'AngleVectorClockwise': unreferenced function with internal linkage has been removed
  BaseWallBinding.cpp
C:\Program Files\GRAPHISOFT\API Development Kit 28.3001\Support\Inc\APIdefs_LibraryParts.h(1,1): warning C4819: The file contains a character that cannot be represented in the current code page (932). Save the file in Unicode format to prevent data loss
C:\Program Files\GRAPHISOFT\API Development Kit 28.3001\Support\Inc\APIdefs_Environment.h(867,1): warning C4819: The file contains a character that cannot be represented in the current code page (932). Save the file in Unicode format to prevent data loss
BaseWallBinding.cpp(287,22): warning C4189: 'isCreateWall': local variable is initialized but not referenced
  BeamBottomBeamBinding.cpp
C:\Program Files\GRAPHISOFT\API Development Kit 28.3001\Support\Inc\APIdefs_LibraryParts.h(1,1): warning C4819: The file contains a character that cannot be represented in the current code page (932). Save the file in Unicode format to prevent data loss
C:\Program Files\GRAPHISOFT\API Development Kit 28.3001\Support\Inc\APIdefs_Environment.h(867,1): warning C4819: The file contains a character that cannot be represented in the current code page (932). Save the file in Unicode format to prevent data loss
BeamBottomBeamBinding.cpp(216,24): warning C4018: '<': signed/unsigned mismatch
BeamBottomBeamBinding.cpp(219,25): warning C4018: '<': signed/unsigned mismatch
BeamBottomBeamBinding.cpp(193,13): warning C4189: 'indexEdgeWithSign': local variable is initialized but not referenced
BeamBottomBeamBinding.cpp(192,13): warning C4189: 'indexEdge': local variable is initialized but not referenced
  BeamBottomTopBinding.cpp
C:\Program Files\GRAPHISOFT\API Development Kit 28.3001\Support\Inc\APIdefs_LibraryParts.h(1,1): warning C4819: The file contains a character that cannot be represented in the current code page (932). Save the file in Unicode format to prevent data loss
C:\Program Files\GRAPHISOFT\API Development Kit 28.3001\Support\Inc\APIdefs_Environment.h(867,1): warning C4819: The file contains a character that cannot be represented in the current code page (932). Save the file in Unicode format to prevent data loss
BeamBottomTopBinding.cpp(217,13): warning C4189: 'indexEdgeWithSign': local variable is initialized but not referenced
BeamBottomTopBinding.cpp(216,13): warning C4189: 'indexEdge': local variable is initialized but not referenced
  BeamCad.cpp
C:\Program Files\GRAPHISOFT\API Development Kit 28.3001\Support\Inc\APIdefs_LibraryParts.h(1,1): warning C4819: The file contains a character that cannot be represented in the current code page (932). Save the file in Unicode format to prevent data loss
C:\Program Files\GRAPHISOFT\API Development Kit 28.3001\Support\Inc\APIdefs_Environment.h(867,1): warning C4819: The file contains a character that cannot be represented in the current code page (932). Save the file in Unicode format to prevent data loss
  Generating Code...
C:\Users\Admin\Documents\ArchicadApi28\Build\BeamBottomTopBinding.cpp(381): warning C4701: potentially uninitialized local variable 'storyBeam' used
C:\Users\Admin\Documents\ArchicadApi28\Build\BeamBottomBeamBinding.cpp(137): warning C4702: unreachable code
C:\Users\Admin\Documents\ArchicadApi28\Build\BeamBottomBeamBinding.cpp(347): warning C4701: potentially uninitialized local variable 'storyBeam' used
C:\Users\Admin\Documents\ArchicadApi28\Build\BaseWallBinding.cpp(273): warning C4701: potentially uninitialized local variable 'currentStory' used
C:\Users\Admin\Documents\ArchicadApi28\Build\WallToFloorBinding.cpp(101): warning C4701: potentially uninitialized local variable 'result' used
C:\Users\Admin\Documents\ArchicadApi28\Build\WallToFloorBinding.cpp(187): warning C4701: potentially uninitialized local variable 'indexMaxMaxMaterial' used
C:\Users\Admin\Documents\ArchicadApi28\Build\WallDimension.cpp(151): warning C4172: returning address of local variable or temporary: result
C:\Users\Admin\Documents\ArchicadApi28\Build\WallDimension.cpp(171): warning C4172: returning address of local variable or temporary: result
C:\Users\Admin\Documents\ArchicadApi28\Build\WallDimension.cpp(187): warning C4172: returning address of local variable or temporary: result
C:\Users\Admin\Documents\ArchicadApi28\Build\WallDimension.cpp(195): warning C4172: returning address of local variable or temporary: result
C:\Users\Admin\Documents\ArchicadApi28\Build\WallCeiling.cpp(60): warning C4706: assignment within conditional expression
C:\Users\Admin\Documents\ArchicadApi28\Build\WallCeiling.cpp(250): warning C4701: potentially uninitialized local variable 'storyElement' used
C:\Users\Admin\Documents\ArchicadApi28\Build\WallCeiling.cpp(271): warning C4701: potentially uninitialized local variable 'storyElementCheck' used
  Compiling...
  BeamCadForm.cpp
C:\Program Files\GRAPHISOFT\API Development Kit 28.3001\Support\Inc\APIdefs_LibraryParts.h(1,1): warning C4819: The file contains a character that cannot be represented in the current code page (932). Save the file in Unicode format to prevent data loss
C:\Program Files\GRAPHISOFT\API Development Kit 28.3001\Support\Inc\APIdefs_Environment.h(867,1): warning C4819: The file contains a character that cannot be represented in the current code page (932). Save the file in Unicode format to prevent data loss
BeamCadForm.cpp(33,58): warning C4100: 'ev': unreferenced formal parameter
  BeamDimWithLine.cpp
C:\Program Files\GRAPHISOFT\API Development Kit 28.3001\Support\Inc\APIdefs_LibraryParts.h(1,1): warning C4819: The file contains a character that cannot be represented in the current code page (932). Save the file in Unicode format to prevent data loss
C:\Program Files\GRAPHISOFT\API Development Kit 28.3001\Support\Inc\APIdefs_Environment.h(867,1): warning C4819: The file contains a character that cannot be represented in the current code page (932). Save the file in Unicode format to prevent data loss
C:\Users\Admin\Documents\ArchicadApi28\Build\BeamDimWithLine.h(3,10): warning C4067: unexpected tokens following preprocessor directive - expected a newline
BeamDimWithLine.cpp(255,22): warning C4018: '<': signed/unsigned mismatch
BeamDimWithLine.cpp(259,21): warning C4018: '<': signed/unsigned mismatch
BeamDimWithLine.cpp(254,14): warning C4189: 'err': local variable is initialized but not referenced
  BeamToRoofBinding.cpp
C:\Program Files\GRAPHISOFT\API Development Kit 28.3001\Support\Inc\APIdefs_LibraryParts.h(1,1): warning C4819: The file contains a character that cannot be represented in the current code page (932). Save the file in Unicode format to prevent data loss
C:\Program Files\GRAPHISOFT\API Development Kit 28.3001\Support\Inc\APIdefs_Environment.h(867,1): warning C4819: The file contains a character that cannot be represented in the current code page (932). Save the file in Unicode format to prevent data loss
BeamToRoofBinding.cpp(142,12): warning C4189: 'indexEdgeWithSign': local variable is initialized but not referenced
BeamToRoofBinding.cpp(141,12): warning C4189: 'indexEdge': local variable is initialized but not referenced
  CadSlab.cpp
C:\Program Files\GRAPHISOFT\API Development Kit 28.3001\Support\Inc\APIdefs_LibraryParts.h(1,1): warning C4819: The file contains a character that cannot be represented in the current code page (932). Save the file in Unicode format to prevent data loss
C:\Program Files\GRAPHISOFT\API Development Kit 28.3001\Support\Inc\APIdefs_Environment.h(867,1): warning C4819: The file contains a character that cannot be represented in the current code page (932). Save the file in Unicode format to prevent data loss
CadSlab.cpp(65,58): warning C4267: '=': conversion from 'size_t' to 'GS::Int32', possible loss of data
  CadZoneCreate.cpp
C:\Program Files\GRAPHISOFT\API Development Kit 28.3001\Support\Inc\APIdefs_LibraryParts.h(1,1): warning C4819: The file contains a character that cannot be represented in the current code page (932). Save the file in Unicode format to prevent data loss
C:\Program Files\GRAPHISOFT\API Development Kit 28.3001\Support\Inc\APIdefs_Environment.h(867,1): warning C4819: The file contains a character that cannot be represented in the current code page (932). Save the file in Unicode format to prevent data loss
CadZoneCreate.cpp(89,46): warning C4267: '=': conversion from 'size_t' to 'GS::Int32', possible loss of data
  ChangeIdRevit.cpp
C:\Program Files\GRAPHISOFT\API Development Kit 28.3001\Support\Inc\APIdefs_LibraryParts.h(1,1): warning C4819: The file contains a character that cannot be represented in the current code page (932). Save the file in Unicode format to prevent data loss
C:\Program Files\GRAPHISOFT\API Development Kit 28.3001\Support\Inc\APIdefs_Environment.h(867,1): warning C4819: The file contains a character that cannot be represented in the current code page (932). Save the file in Unicode format to prevent data loss
  ChangeIdRevitPrefix.cpp
C:\Program Files\GRAPHISOFT\API Development Kit 28.3001\Support\Inc\APIdefs_LibraryParts.h(1,1): warning C4819: The file contains a character that cannot be represented in the current code page (932). Save the file in Unicode format to prevent data loss
C:\Program Files\GRAPHISOFT\API Development Kit 28.3001\Support\Inc\APIdefs_Environment.h(867,1): warning C4819: The file contains a character that cannot be represented in the current code page (932). Save the file in Unicode format to prevent data loss
ChangeIdRevitPrefix.cpp(7,12): warning C4189: 'err': local variable is initialized but not referenced
  ChangeProfileElement.cpp
C:\Program Files\GRAPHISOFT\API Development Kit 28.3001\Support\Inc\APIdefs_LibraryParts.h(1,1): warning C4819: The file contains a character that cannot be represented in the current code page (932). Save the file in Unicode format to prevent data loss
C:\Program Files\GRAPHISOFT\API Development Kit 28.3001\Support\Inc\APIdefs_Environment.h(867,1): warning C4819: The file contains a character that cannot be represented in the current code page (932). Save the file in Unicode format to prevent data loss
ChangeProfileElement.cpp(51,14): warning C4101: 'mask': unreferenced local variable
  ChangeProfilePrefixLevel.cpp
C:\Program Files\GRAPHISOFT\API Development Kit 28.3001\Support\Inc\APIdefs_LibraryParts.h(1,1): warning C4819: The file contains a character that cannot be represented in the current code page (932). Save the file in Unicode format to prevent data loss
C:\Program Files\GRAPHISOFT\API Development Kit 28.3001\Support\Inc\APIdefs_Environment.h(867,1): warning C4819: The file contains a character that cannot be represented in the current code page (932). Save the file in Unicode format to prevent data loss
ChangeProfilePrefixLevel.cpp(34,31): warning C4996: 'std::codecvt_utf8<unsigned short,1114111,(std::codecvt_mode)0>': warning STL4017: std::wbuffer_convert, std::wstring_convert, and the <codecvt> header (containing std::codecvt_mode, std::codecvt_utf8, std::codecvt_utf16, and std::codecvt_utf8_utf16) are deprecated in C++17. (The std::codecvt class template is NOT deprecated.) The C++ Standard doesn't provide equivalent non-deprecated functionality; consider using MultiByteToWideChar() and WideCharToMultiByte() from <Windows.h> instead. You can define _SILENCE_CXX17_CODECVT_HEADER_DEPRECATION_WARNING or _SILENCE_ALL_CXX17_DEPRECATION_WARNINGS to acknowledge that you have received this warning.
C:\Program Files (x86)\Microsoft Visual Studio\2019\Community\VC\Tools\MSVC\14.29.30133\include\codecvt(33,52): message : see declaration of 'std::codecvt_utf8'
ChangeProfilePrefixLevel.cpp(35,10): warning C4996: 'std::wstring_convert<convert_type,unsigned short,std::allocator<wchar_t>,std::allocator<char>>': warning STL4017: std::wbuffer_convert, std::wstring_convert, and the <codecvt> header (containing std::codecvt_mode, std::codecvt_utf8, std::codecvt_utf16, and std::codecvt_utf8_utf16) are deprecated in C++17. (The std::codecvt class template is NOT deprecated.) The C++ Standard doesn't provide equivalent non-deprecated functionality; consider using MultiByteToWideChar() and WideCharToMultiByte() from <Windows.h> instead. You can define _SILENCE_CXX17_CODECVT_HEADER_DEPRECATION_WARNING or _SILENCE_ALL_CXX17_DEPRECATION_WARNINGS to acknowledge that you have received this warning.
C:\Program Files (x86)\Microsoft Visual Studio\2019\Community\VC\Tools\MSVC\14.29.30133\include\xlocbuf(300,55): message : see declaration of 'std::wstring_convert'
ChangeProfilePrefixLevel.cpp(35,75): warning C4996: 'std::wstring_convert<convert_type,unsigned short,std::allocator<wchar_t>,std::allocator<char>>::wstring_convert': warning STL4017: std::wbuffer_convert, std::wstring_convert, and the <codecvt> header (containing std::codecvt_mode, std::codecvt_utf8, std::codecvt_utf16, and std::codecvt_utf8_utf16) are deprecated in C++17. (The std::codecvt class template is NOT deprecated.) The C++ Standard doesn't provide equivalent non-deprecated functionality; consider using MultiByteToWideChar() and WideCharToMultiByte() from <Windows.h> instead. You can define _SILENCE_CXX17_CODECVT_HEADER_DEPRECATION_WARNING or _SILENCE_ALL_CXX17_DEPRECATION_WARNINGS to acknowledge that you have received this warning.
ChangeProfilePrefixLevel.cpp(38,21): warning C4996: 'std::wstring_convert<convert_type,unsigned short,std::allocator<wchar_t>,std::allocator<char>>::from_bytes': warning STL4017: std::wbuffer_convert, std::wstring_convert, and the <codecvt> header (containing std::codecvt_mode, std::codecvt_utf8, std::codecvt_utf16, and std::codecvt_utf8_utf16) are deprecated in C++17. (The std::codecvt class template is NOT deprecated.) The C++ Standard doesn't provide equivalent non-deprecated functionality; consider using MultiByteToWideChar() and WideCharToMultiByte() from <Windows.h> instead. You can define _SILENCE_CXX17_CODECVT_HEADER_DEPRECATION_WARNING or _SILENCE_ALL_CXX17_DEPRECATION_WARNINGS to acknowledge that you have received this warning.
ChangeProfilePrefixLevel.cpp(80,31): warning C4996: 'std::codecvt_utf8_utf16<wchar_t,1114111,(std::codecvt_mode)0>': warning STL4017: std::wbuffer_convert, std::wstring_convert, and the <codecvt> header (containing std::codecvt_mode, std::codecvt_utf8, std::codecvt_utf16, and std::codecvt_utf8_utf16) are deprecated in C++17. (The std::codecvt class template is NOT deprecated.) The C++ Standard doesn't provide equivalent non-deprecated functionality; consider using MultiByteToWideChar() and WideCharToMultiByte() from <Windows.h> instead. You can define _SILENCE_CXX17_CODECVT_HEADER_DEPRECATION_WARNING or _SILENCE_ALL_CXX17_DEPRECATION_WARNINGS to acknowledge that you have received this warning.
C:\Program Files (x86)\Microsoft Visual Studio\2019\Community\VC\Tools\MSVC\14.29.30133\include\codecvt(425,5): message : see declaration of 'std::codecvt_utf8_utf16'
ChangeProfilePrefixLevel.cpp(80,10): warning C4996: 'std::wstring_convert<std::codecvt_utf8_utf16<wchar_t,1114111,(std::codecvt_mode)0>,wchar_t,std::allocator<wchar_t>,std::allocator<char>>': warning STL4017: std::wbuffer_convert, std::wstring_convert, and the <codecvt> header (containing std::codecvt_mode, std::codecvt_utf8, std::codecvt_utf16, and std::codecvt_utf8_utf16) are deprecated in C++17. (The std::codecvt class template is NOT deprecated.) The C++ Standard doesn't provide equivalent non-deprecated functionality; consider using MultiByteToWideChar() and WideCharToMultiByte() from <Windows.h> instead. You can define _SILENCE_CXX17_CODECVT_HEADER_DEPRECATION_WARNING or _SILENCE_ALL_CXX17_DEPRECATION_WARNINGS to acknowledge that you have received this warning.
C:\Program Files (x86)\Microsoft Visual Studio\2019\Community\VC\Tools\MSVC\14.29.30133\include\xlocbuf(300,55): message : see declaration of 'std::wstring_convert'
ChangeProfilePrefixLevel.cpp(80,60): warning C4996: 'std::wstring_convert<std::codecvt_utf8_utf16<wchar_t,1114111,(std::codecvt_mode)0>,wchar_t,std::allocator<wchar_t>,std::allocator<char>>::wstring_convert': warning STL4017: std::wbuffer_convert, std::wstring_convert, and the <codecvt> header (containing std::codecvt_mode, std::codecvt_utf8, std::codecvt_utf16, and std::codecvt_utf8_utf16) are deprecated in C++17. (The std::codecvt class template is NOT deprecated.) The C++ Standard doesn't provide equivalent non-deprecated functionality; consider using MultiByteToWideChar() and WideCharToMultiByte() from <Windows.h> instead. You can define _SILENCE_CXX17_CODECVT_HEADER_DEPRECATION_WARNING or _SILENCE_ALL_CXX17_DEPRECATION_WARNINGS to acknowledge that you have received this warning.
ChangeProfilePrefixLevel.cpp(104,42): warning C4996: 'std::wstring_convert<std::codecvt_utf8_utf16<wchar_t,1114111,(std::codecvt_mode)0>,wchar_t,std::allocator<wchar_t>,std::allocator<char>>::to_bytes': warning STL4017: std::wbuffer_convert, std::wstring_convert, and the <codecvt> header (containing std::codecvt_mode, std::codecvt_utf8, std::codecvt_utf16, and std::codecvt_utf8_utf16) are deprecated in C++17. (The std::codecvt class template is NOT deprecated.) The C++ Standard doesn't provide equivalent non-deprecated functionality; consider using MultiByteToWideChar() and WideCharToMultiByte() from <Windows.h> instead. You can define _SILENCE_CXX17_CODECVT_HEADER_DEPRECATION_WARNING or _SILENCE_ALL_CXX17_DEPRECATION_WARNINGS to acknowledge that you have received this warning.
  ColumnCad.cpp
C:\Program Files\GRAPHISOFT\API Development Kit 28.3001\Support\Inc\APIdefs_LibraryParts.h(1,1): warning C4819: The file contains a character that cannot be represented in the current code page (932). Save the file in Unicode format to prevent data loss
C:\Program Files\GRAPHISOFT\API Development Kit 28.3001\Support\Inc\APIdefs_Environment.h(867,1): warning C4819: The file contains a character that cannot be represented in the current code page (932). Save the file in Unicode format to prevent data loss
  ColumnDimension.cpp
C:\Program Files\GRAPHISOFT\API Development Kit 28.3001\Support\Inc\APIdefs_LibraryParts.h(1,1): warning C4819: The file contains a character that cannot be represented in the current code page (932). Save the file in Unicode format to prevent data loss
C:\Program Files\GRAPHISOFT\API Development Kit 28.3001\Support\Inc\APIdefs_Environment.h(867,1): warning C4819: The file contains a character that cannot be represented in the current code page (932). Save the file in Unicode format to prevent data loss
ColumnDimension.cpp(55,103): warning C4100: 'column': unreferenced formal parameter
  CreaetMeshTopo.cpp
C:\Program Files\GRAPHISOFT\API Development Kit 28.3001\Support\Inc\APIdefs_LibraryParts.h(1,1): warning C4819: The file contains a character that cannot be represented in the current code page (932). Save the file in Unicode format to prevent data loss
C:\Program Files\GRAPHISOFT\API Development Kit 28.3001\Support\Inc\APIdefs_Environment.h(867,1): warning C4819: The file contains a character that cannot be represented in the current code page (932). Save the file in Unicode format to prevent data loss
CreaetMeshTopo.cpp(75,28): warning C4267: 'initializing': conversion from 'size_t' to 'int', possible loss of data
CreaetMeshTopo.cpp(79,34): warning C4267: '+=': conversion from 'size_t' to 'int', possible loss of data
CreaetMeshTopo.cpp(121,32): warning C4267: '+=': conversion from 'size_t' to 'GS::Int32', possible loss of data
  CreateCoppha.cpp
C:\Program Files\GRAPHISOFT\API Development Kit 28.3001\Support\Inc\APIdefs_LibraryParts.h(1,1): warning C4819: The file contains a character that cannot be represented in the current code page (932). Save the file in Unicode format to prevent data loss
C:\Program Files\GRAPHISOFT\API Development Kit 28.3001\Support\Inc\APIdefs_Environment.h(867,1): warning C4819: The file contains a character that cannot be represented in the current code page (932). Save the file in Unicode format to prevent data loss
C:\Users\Admin\Documents\ArchicadApi28\Build\PointAndVectorUtilities.h(107,18): warning C4244: 'return': conversion from 'double' to 'float', possible loss of data
C:\Users\Admin\Documents\ArchicadApi28\Build\PointAndVectorUtilities.h(111,14): warning C4244: 'initializing': conversion from 'double' to 'float', possible loss of data
C:\Users\Admin\Documents\ArchicadApi28\Build\PointAndVectorUtilities.h(128,9): warning C4244: 'return': conversion from 'double' to 'float', possible loss of data
CreateCoppha.cpp(298,34): warning C4804: '>': unsafe use of type 'bool' in operation
CreateCoppha.cpp(309,31): warning C4244: 'initializing': conversion from 'double' to 'float', possible loss of data
CreateCoppha.cpp(312,14): warning C4804: '<': unsafe use of type 'bool' in operation
CreateCoppha.cpp(319,14): warning C4804: '<': unsafe use of type 'bool' in operation
CreateCoppha.cpp(249,17): warning C4189: 'indexEdgeWithSign': local variable is initialized but not referenced
C:\Users\Admin\Documents\ArchicadApi28\Build\PointAndVectorUtilities.h(20,21): warning C4505: 'operator +': unreferenced function with internal linkage has been removed
C:\Users\Admin\Documents\ArchicadApi28\Build\PointAndVectorUtilities.h(31,19): warning C4505: 'operator -': unreferenced function with internal linkage has been removed
C:\Users\Admin\Documents\ArchicadApi28\Build\PointAndVectorUtilities.h(41,19): warning C4505: 'operator +': unreferenced function with internal linkage has been removed
C:\Users\Admin\Documents\ArchicadApi28\Build\PointAndVectorUtilities.h(68,21): warning C4505: 'VectProd': unreferenced function with internal linkage has been removed
C:\Users\Admin\Documents\ArchicadApi28\Build\PointAndVectorUtilities.h(80,16): warning C4505: 'operator *': unreferenced function with internal linkage has been removed
C:\Users\Admin\Documents\ArchicadApi28\Build\PointAndVectorUtilities.h(99,20): warning C4505: 'ProjectOnto': unreferenced function with internal linkage has been removed
C:\Users\Admin\Documents\ArchicadApi28\Build\PointAndVectorUtilities.h(109,14): warning C4505: 'AngleTwoVector': unreferenced function with internal linkage has been removed
C:\Users\Admin\Documents\ArchicadApi28\Build\PointAndVectorUtilities.h(115,14): warning C4505: 'AngleVectorClockwise': unreferenced function with internal linkage has been removed
  CreateLayerAuto.cpp
C:\Program Files\GRAPHISOFT\API Development Kit 28.3001\Support\Inc\APIdefs_LibraryParts.h(1,1): warning C4819: The file contains a character that cannot be represented in the current code page (932). Save the file in Unicode format to prevent data loss
C:\Program Files\GRAPHISOFT\API Development Kit 28.3001\Support\Inc\APIdefs_Environment.h(867,1): warning C4819: The file contains a character that cannot be represented in the current code page (932). Save the file in Unicode format to prevent data loss
  CreateProfiles.cpp
C:\Program Files\GRAPHISOFT\API Development Kit 28.3001\Support\Inc\APIdefs_LibraryParts.h(1,1): warning C4819: The file contains a character that cannot be represented in the current code page (932). Save the file in Unicode format to prevent data loss
C:\Program Files\GRAPHISOFT\API Development Kit 28.3001\Support\Inc\APIdefs_Environment.h(867,1): warning C4819: The file contains a character that cannot be represented in the current code page (932). Save the file in Unicode format to prevent data loss
CreateProfiles.cpp(29,30): warning C4996: 'std::codecvt_utf8_utf16<wchar_t,1114111,(std::codecvt_mode)0>': warning STL4017: std::wbuffer_convert, std::wstring_convert, and the <codecvt> header (containing std::codecvt_mode, std::codecvt_utf8, std::codecvt_utf16, and std::codecvt_utf8_utf16) are deprecated in C++17. (The std::codecvt class template is NOT deprecated.) The C++ Standard doesn't provide equivalent non-deprecated functionality; consider using MultiByteToWideChar() and WideCharToMultiByte() from <Windows.h> instead. You can define _SILENCE_CXX17_CODECVT_HEADER_DEPRECATION_WARNING or _SILENCE_ALL_CXX17_DEPRECATION_WARNINGS to acknowledge that you have received this warning.
C:\Program Files (x86)\Microsoft Visual Studio\2019\Community\VC\Tools\MSVC\14.29.30133\include\codecvt(425,5): message : see declaration of 'std::codecvt_utf8_utf16'
CreateProfiles.cpp(29,9): warning C4996: 'std::wstring_convert<std::codecvt_utf8_utf16<wchar_t,1114111,(std::codecvt_mode)0>,wchar_t,std::allocator<wchar_t>,std::allocator<char>>': warning STL4017: std::wbuffer_convert, std::wstring_convert, and the <codecvt> header (containing std::codecvt_mode, std::codecvt_utf8, std::codecvt_utf16, and std::codecvt_utf8_utf16) are deprecated in C++17. (The std::codecvt class template is NOT deprecated.) The C++ Standard doesn't provide equivalent non-deprecated functionality; consider using MultiByteToWideChar() and WideCharToMultiByte() from <Windows.h> instead. You can define _SILENCE_CXX17_CODECVT_HEADER_DEPRECATION_WARNING or _SILENCE_ALL_CXX17_DEPRECATION_WARNINGS to acknowledge that you have received this warning.
C:\Program Files (x86)\Microsoft Visual Studio\2019\Community\VC\Tools\MSVC\14.29.30133\include\xlocbuf(300,55): message : see declaration of 'std::wstring_convert'
CreateProfiles.cpp(83,25): warning C4018: '<': signed/unsigned mismatch
CreateProfiles.cpp(103,30): warning C4996: 'std::codecvt_utf8_utf16<wchar_t,1114111,(std::codecvt_mode)0>': warning STL4017: std::wbuffer_convert, std::wstring_convert, and the <codecvt> header (containing std::codecvt_mode, std::codecvt_utf8, std::codecvt_utf16, and std::codecvt_utf8_utf16) are deprecated in C++17. (The std::codecvt class template is NOT deprecated.) The C++ Standard doesn't provide equivalent non-deprecated functionality; consider using MultiByteToWideChar() and WideCharToMultiByte() from <Windows.h> instead. You can define _SILENCE_CXX17_CODECVT_HEADER_DEPRECATION_WARNING or _SILENCE_ALL_CXX17_DEPRECATION_WARNINGS to acknowledge that you have received this warning.
C:\Program Files (x86)\Microsoft Visual Studio\2019\Community\VC\Tools\MSVC\14.29.30133\include\codecvt(425,5): message : see declaration of 'std::codecvt_utf8_utf16'
CreateProfiles.cpp(103,9): warning C4996: 'std::wstring_convert<std::codecvt_utf8_utf16<wchar_t,1114111,(std::codecvt_mode)0>,wchar_t,std::allocator<wchar_t>,std::allocator<char>>': warning STL4017: std::wbuffer_convert, std::wstring_convert, and the <codecvt> header (containing std::codecvt_mode, std::codecvt_utf8, std::codecvt_utf16, and std::codecvt_utf8_utf16) are deprecated in C++17. (The std::codecvt class template is NOT deprecated.) The C++ Standard doesn't provide equivalent non-deprecated functionality; consider using MultiByteToWideChar() and WideCharToMultiByte() from <Windows.h> instead. You can define _SILENCE_CXX17_CODECVT_HEADER_DEPRECATION_WARNING or _SILENCE_ALL_CXX17_DEPRECATION_WARNINGS to acknowledge that you have received this warning.
C:\Program Files (x86)\Microsoft Visual Studio\2019\Community\VC\Tools\MSVC\14.29.30133\include\xlocbuf(300,55): message : see declaration of 'std::wstring_convert'
CreateProfiles.cpp(155,25): warning C4018: '<': signed/unsigned mismatch
CreateProfiles.cpp(29,59): warning C4996: 'std::wstring_convert<std::codecvt_utf8_utf16<wchar_t,1114111,(std::codecvt_mode)0>,wchar_t,std::allocator<wchar_t>,std::allocator<char>>::wstring_convert': warning STL4017: std::wbuffer_convert, std::wstring_convert, and the <codecvt> header (containing std::codecvt_mode, std::codecvt_utf8, std::codecvt_utf16, and std::codecvt_utf8_utf16) are deprecated in C++17. (The std::codecvt class template is NOT deprecated.) The C++ Standard doesn't provide equivalent non-deprecated functionality; consider using MultiByteToWideChar() and WideCharToMultiByte() from <Windows.h> instead. You can define _SILENCE_CXX17_CODECVT_HEADER_DEPRECATION_WARNING or _SILENCE_ALL_CXX17_DEPRECATION_WARNINGS to acknowledge that you have received this warning.
CreateProfiles.cpp(30,19): warning C4996: 'std::wstring_convert<std::codecvt_utf8_utf16<wchar_t,1114111,(std::codecvt_mode)0>,wchar_t,std::allocator<wchar_t>,std::allocator<char>>::to_bytes': warning STL4017: std::wbuffer_convert, std::wstring_convert, and the <codecvt> header (containing std::codecvt_mode, std::codecvt_utf8, std::codecvt_utf16, and std::codecvt_utf8_utf16) are deprecated in C++17. (The std::codecvt class template is NOT deprecated.) The C++ Standard doesn't provide equivalent non-deprecated functionality; consider using MultiByteToWideChar() and WideCharToMultiByte() from <Windows.h> instead. You can define _SILENCE_CXX17_CODECVT_HEADER_DEPRECATION_WARNING or _SILENCE_ALL_CXX17_DEPRECATION_WARNINGS to acknowledge that you have received this warning.
CreateProfiles.cpp(103,59): warning C4996: 'std::wstring_convert<std::codecvt_utf8_utf16<wchar_t,1114111,(std::codecvt_mode)0>,wchar_t,std::allocator<wchar_t>,std::allocator<char>>::wstring_convert': warning STL4017: std::wbuffer_convert, std::wstring_convert, and the <codecvt> header (containing std::codecvt_mode, std::codecvt_utf8, std::codecvt_utf16, and std::codecvt_utf8_utf16) are deprecated in C++17. (The std::codecvt class template is NOT deprecated.) The C++ Standard doesn't provide equivalent non-deprecated functionality; consider using MultiByteToWideChar() and WideCharToMultiByte() from <Windows.h> instead. You can define _SILENCE_CXX17_CODECVT_HEADER_DEPRECATION_WARNING or _SILENCE_ALL_CXX17_DEPRECATION_WARNINGS to acknowledge that you have received this warning.
CreateProfiles.cpp(104,19): warning C4996: 'std::wstring_convert<std::codecvt_utf8_utf16<wchar_t,1114111,(std::codecvt_mode)0>,wchar_t,std::allocator<wchar_t>,std::allocator<char>>::to_bytes': warning STL4017: std::wbuffer_convert, std::wstring_convert, and the <codecvt> header (containing std::codecvt_mode, std::codecvt_utf8, std::codecvt_utf16, and std::codecvt_utf8_utf16) are deprecated in C++17. (The std::codecvt class template is NOT deprecated.) The C++ Standard doesn't provide equivalent non-deprecated functionality; consider using MultiByteToWideChar() and WideCharToMultiByte() from <Windows.h> instead. You can define _SILENCE_CXX17_CODECVT_HEADER_DEPRECATION_WARNING or _SILENCE_ALL_CXX17_DEPRECATION_WARNINGS to acknowledge that you have received this warning.
  CreateProfilesH.cpp
C:\Program Files\GRAPHISOFT\API Development Kit 28.3001\Support\Inc\APIdefs_LibraryParts.h(1,1): warning C4819: The file contains a character that cannot be represented in the current code page (932). Save the file in Unicode format to prevent data loss
C:\Program Files\GRAPHISOFT\API Development Kit 28.3001\Support\Inc\APIdefs_Environment.h(867,1): warning C4819: The file contains a character that cannot be represented in the current code page (932). Save the file in Unicode format to prevent data loss
CreateProfilesH.cpp(29,30): warning C4996: 'std::codecvt_utf8_utf16<wchar_t,1114111,(std::codecvt_mode)0>': warning STL4017: std::wbuffer_convert, std::wstring_convert, and the <codecvt> header (containing std::codecvt_mode, std::codecvt_utf8, std::codecvt_utf16, and std::codecvt_utf8_utf16) are deprecated in C++17. (The std::codecvt class template is NOT deprecated.) The C++ Standard doesn't provide equivalent non-deprecated functionality; consider using MultiByteToWideChar() and WideCharToMultiByte() from <Windows.h> instead. You can define _SILENCE_CXX17_CODECVT_HEADER_DEPRECATION_WARNING or _SILENCE_ALL_CXX17_DEPRECATION_WARNINGS to acknowledge that you have received this warning.
C:\Program Files (x86)\Microsoft Visual Studio\2019\Community\VC\Tools\MSVC\14.29.30133\include\codecvt(425,5): message : see declaration of 'std::codecvt_utf8_utf16'
CreateProfilesH.cpp(29,9): warning C4996: 'std::wstring_convert<std::codecvt_utf8_utf16<wchar_t,1114111,(std::codecvt_mode)0>,wchar_t,std::allocator<wchar_t>,std::allocator<char>>': warning STL4017: std::wbuffer_convert, std::wstring_convert, and the <codecvt> header (containing std::codecvt_mode, std::codecvt_utf8, std::codecvt_utf16, and std::codecvt_utf8_utf16) are deprecated in C++17. (The std::codecvt class template is NOT deprecated.) The C++ Standard doesn't provide equivalent non-deprecated functionality; consider using MultiByteToWideChar() and WideCharToMultiByte() from <Windows.h> instead. You can define _SILENCE_CXX17_CODECVT_HEADER_DEPRECATION_WARNING or _SILENCE_ALL_CXX17_DEPRECATION_WARNINGS to acknowledge that you have received this warning.
C:\Program Files (x86)\Microsoft Visual Studio\2019\Community\VC\Tools\MSVC\14.29.30133\include\xlocbuf(300,55): message : see declaration of 'std::wstring_convert'
CreateProfilesH.cpp(58,15): warning C4244: 'initializing': conversion from 'double' to 'int', possible loss of data
CreateProfilesH.cpp(59,15): warning C4244: 'initializing': conversion from 'double' to 'int', possible loss of data
CreateProfilesH.cpp(130,25): warning C4018: '<': signed/unsigned mismatch
CreateProfilesH.cpp(152,30): warning C4996: 'std::codecvt_utf8_utf16<wchar_t,1114111,(std::codecvt_mode)0>': warning STL4017: std::wbuffer_convert, std::wstring_convert, and the <codecvt> header (containing std::codecvt_mode, std::codecvt_utf8, std::codecvt_utf16, and std::codecvt_utf8_utf16) are deprecated in C++17. (The std::codecvt class template is NOT deprecated.) The C++ Standard doesn't provide equivalent non-deprecated functionality; consider using MultiByteToWideChar() and WideCharToMultiByte() from <Windows.h> instead. You can define _SILENCE_CXX17_CODECVT_HEADER_DEPRECATION_WARNING or _SILENCE_ALL_CXX17_DEPRECATION_WARNINGS to acknowledge that you have received this warning.
C:\Program Files (x86)\Microsoft Visual Studio\2019\Community\VC\Tools\MSVC\14.29.30133\include\codecvt(425,5): message : see declaration of 'std::codecvt_utf8_utf16'
CreateProfilesH.cpp(152,9): warning C4996: 'std::wstring_convert<std::codecvt_utf8_utf16<wchar_t,1114111,(std::codecvt_mode)0>,wchar_t,std::allocator<wchar_t>,std::allocator<char>>': warning STL4017: std::wbuffer_convert, std::wstring_convert, and the <codecvt> header (containing std::codecvt_mode, std::codecvt_utf8, std::codecvt_utf16, and std::codecvt_utf8_utf16) are deprecated in C++17. (The std::codecvt class template is NOT deprecated.) The C++ Standard doesn't provide equivalent non-deprecated functionality; consider using MultiByteToWideChar() and WideCharToMultiByte() from <Windows.h> instead. You can define _SILENCE_CXX17_CODECVT_HEADER_DEPRECATION_WARNING or _SILENCE_ALL_CXX17_DEPRECATION_WARNINGS to acknowledge that you have received this warning.
C:\Program Files (x86)\Microsoft Visual Studio\2019\Community\VC\Tools\MSVC\14.29.30133\include\xlocbuf(300,55): message : see declaration of 'std::wstring_convert'
CreateProfilesH.cpp(181,15): warning C4244: 'initializing': conversion from 'double' to 'int', possible loss of data
CreateProfilesH.cpp(182,15): warning C4244: 'initializing': conversion from 'double' to 'int', possible loss of data
CreateProfilesH.cpp(255,25): warning C4018: '<': signed/unsigned mismatch
CreateProfilesH.cpp(29,59): warning C4996: 'std::wstring_convert<std::codecvt_utf8_utf16<wchar_t,1114111,(std::codecvt_mode)0>,wchar_t,std::allocator<wchar_t>,std::allocator<char>>::wstring_convert': warning STL4017: std::wbuffer_convert, std::wstring_convert, and the <codecvt> header (containing std::codecvt_mode, std::codecvt_utf8, std::codecvt_utf16, and std::codecvt_utf8_utf16) are deprecated in C++17. (The std::codecvt class template is NOT deprecated.) The C++ Standard doesn't provide equivalent non-deprecated functionality; consider using MultiByteToWideChar() and WideCharToMultiByte() from <Windows.h> instead. You can define _SILENCE_CXX17_CODECVT_HEADER_DEPRECATION_WARNING or _SILENCE_ALL_CXX17_DEPRECATION_WARNINGS to acknowledge that you have received this warning.
CreateProfilesH.cpp(30,19): warning C4996: 'std::wstring_convert<std::codecvt_utf8_utf16<wchar_t,1114111,(std::codecvt_mode)0>,wchar_t,std::allocator<wchar_t>,std::allocator<char>>::to_bytes': warning STL4017: std::wbuffer_convert, std::wstring_convert, and the <codecvt> header (containing std::codecvt_mode, std::codecvt_utf8, std::codecvt_utf16, and std::codecvt_utf8_utf16) are deprecated in C++17. (The std::codecvt class template is NOT deprecated.) The C++ Standard doesn't provide equivalent non-deprecated functionality; consider using MultiByteToWideChar() and WideCharToMultiByte() from <Windows.h> instead. You can define _SILENCE_CXX17_CODECVT_HEADER_DEPRECATION_WARNING or _SILENCE_ALL_CXX17_DEPRECATION_WARNINGS to acknowledge that you have received this warning.
CreateProfilesH.cpp(152,59): warning C4996: 'std::wstring_convert<std::codecvt_utf8_utf16<wchar_t,1114111,(std::codecvt_mode)0>,wchar_t,std::allocator<wchar_t>,std::allocator<char>>::wstring_convert': warning STL4017: std::wbuffer_convert, std::wstring_convert, and the <codecvt> header (containing std::codecvt_mode, std::codecvt_utf8, std::codecvt_utf16, and std::codecvt_utf8_utf16) are deprecated in C++17. (The std::codecvt class template is NOT deprecated.) The C++ Standard doesn't provide equivalent non-deprecated functionality; consider using MultiByteToWideChar() and WideCharToMultiByte() from <Windows.h> instead. You can define _SILENCE_CXX17_CODECVT_HEADER_DEPRECATION_WARNING or _SILENCE_ALL_CXX17_DEPRECATION_WARNINGS to acknowledge that you have received this warning.
CreateProfilesH.cpp(153,19): warning C4996: 'std::wstring_convert<std::codecvt_utf8_utf16<wchar_t,1114111,(std::codecvt_mode)0>,wchar_t,std::allocator<wchar_t>,std::allocator<char>>::to_bytes': warning STL4017: std::wbuffer_convert, std::wstring_convert, and the <codecvt> header (containing std::codecvt_mode, std::codecvt_utf8, std::codecvt_utf16, and std::codecvt_utf8_utf16) are deprecated in C++17. (The std::codecvt class template is NOT deprecated.) The C++ Standard doesn't provide equivalent non-deprecated functionality; consider using MultiByteToWideChar() and WideCharToMultiByte() from <Windows.h> instead. You can define _SILENCE_CXX17_CODECVT_HEADER_DEPRECATION_WARNING or _SILENCE_ALL_CXX17_DEPRECATION_WARNINGS to acknowledge that you have received this warning.
CreateProfilesH.cpp(18,14): warning C4189: 'err': local variable is initialized but not referenced
  CurtainWallOpeningBinding.cpp
C:\Program Files\GRAPHISOFT\API Development Kit 28.3001\Support\Inc\APIdefs_LibraryParts.h(1,1): warning C4819: The file contains a character that cannot be represented in the current code page (932). Save the file in Unicode format to prevent data loss
C:\Program Files\GRAPHISOFT\API Development Kit 28.3001\Support\Inc\APIdefs_Environment.h(867,1): warning C4819: The file contains a character that cannot be represented in the current code page (932). Save the file in Unicode format to prevent data loss
CurtainWallOpeningBinding.cpp(73,27): warning C4018: '<=': signed/unsigned mismatch
CurtainWallOpeningBinding.cpp(66,10): warning C4189: 'poly': local variable is initialized but not referenced
CurtainWallOpeningBinding.cpp(64,10): warning C4189: 'pEnds': local variable is initialized but not referenced
CurtainWallOpeningBinding.cpp(70,15): warning C4189: 'previousEnd': local variable is initialized but not referenced
CurtainWallOpeningBinding.cpp(63,10): warning C4189: 'coords': local variable is initialized but not referenced
  AddOnMain.cpp
C:\Program Files\GRAPHISOFT\API Development Kit 28.3001\Support\Inc\APIdefs_LibraryParts.h(1,1): warning C4819: The file contains a character that cannot be represented in the current code page (932). Save the file in Unicode format to prevent data loss
C:\Program Files\GRAPHISOFT\API Development Kit 28.3001\Support\Inc\APIdefs_Environment.h(867,1): warning C4819: The file contains a character that cannot be represented in the current code page (932). Save the file in Unicode format to prevent data loss
C:\Users\Admin\Documents\ArchicadApi28\Src\../Build/BeamDimWithLine.h(3,10): warning C4067: unexpected tokens following preprocessor directive - expected a newline
  Generating Code...
C:\Users\Admin\Documents\ArchicadApi28\Build\ColumnCad.cpp(69): warning C4701: potentially uninitialized local variable 'elementDrawing' used
C:\Users\Admin\Documents\ArchicadApi28\Build\BeamToRoofBinding.cpp(299): warning C4701: potentially uninitialized local variable 'storyBeam' used
ACAP_STAT.lib(ACAPlib_.obj) : warning LNK4099: PDB 'API_c.pdb' was not found with 'ACAP_STAT.lib(ACAPlib_.obj)' or at 'C:\Users\Admin\Documents\ArchicadApi28\Build\Debug\API_c.pdb'; linking object as if no debug info
     Creating library C:/Users/Admin/Documents/ArchicadApi272/Build/Debug/TobicArchicadApi2022.lib and object C:/Users/Admin/Documents/ArchicadApi272/Build/Debug/TobicArchicadApi2022.exp
  TobicArchicadApi2022.vcxproj -> C:\Users\Admin\Documents\ArchicadApi28\Build\Debug\TobicArchicadApi2022.apx
