c:\users\admin\documents\archicadapi272\build\tobicarchicadapi2022.dir\release\pickpoint.obj
c:\users\admin\documents\archicadapi272\build\tobicarchicadapi2022.dir\release\parametersset.obj
c:\users\admin\documents\archicadapi272\build\tobicarchicadapi2022.dir\release\paintwallbinding.obj
c:\users\admin\documents\archicadapi272\build\tobicarchicadapi2022.dir\release\openingwallbinding.obj
c:\users\admin\documents\archicadapi272\build\tobicarchicadapi2022.dir\release\offsetfromtopform.obj
c:\users\admin\documents\archicadapi272\build\tobicarchicadapi2022.dir\release\modifyhotspotrec.obj
c:\users\admin\documents\archicadapi272\build\tobicarchicadapi2022.dir\release\modifyhotspoth.obj
c:\users\admin\documents\archicadapi272\build\tobicarchicadapi2022.dir\release\modifyhotspot.obj
c:\users\admin\documents\archicadapi272\build\tobicarchicadapi2022.dir\release\levelimport.obj
c:\users\admin\documents\archicadapi272\build\tobicarchicadapi2022.dir\release\levelexport.obj
c:\users\admin\documents\archicadapi272\build\tobicarchicadapi2022.dir\release\layerlistbox.obj
c:\users\admin\documents\archicadapi272\build\tobicarchicadapi2022.dir\release\inputmashiauto.obj
c:\users\admin\documents\archicadapi272\build\tobicarchicadapi2022.dir\release\fromrolldown.obj
c:\users\admin\documents\archicadapi272\build\tobicarchicadapi2022.dir\release\formcheckboxfire.obj
c:\users\admin\documents\archicadapi272\build\tobicarchicadapi2022.dir\release\formcheckbox.obj
c:\users\admin\documents\archicadapi272\build\tobicarchicadapi2022.dir\release\fitlerandcutelement.obj
c:\users\admin\documents\archicadapi272\build\tobicarchicadapi2022.dir\release\fireprotectbinding.obj
c:\users\admin\documents\archicadapi272\build\tobicarchicadapi2022.dir\release\familybypointbinding.obj
c:\users\admin\documents\archicadapi272\build\tobicarchicadapi2022.dir\release\editmeshtopo.obj
c:\users\admin\documents\archicadapi272\build\tobicarchicadapi2022.dir\release\dimensionutilities.obj
c:\users\admin\documents\archicadapi272\build\tobicarchicadapi2022.dir\release\beamcad.obj
c:\users\admin\documents\archicadapi272\build\tobicarchicadapi2022.dir\release\beambottomtopbinding.obj
c:\users\admin\documents\archicadapi272\build\tobicarchicadapi2022.dir\release\beambottombeambinding.obj
c:\users\admin\documents\archicadapi272\build\tobicarchicadapi2022.dir\release\basewallbinding.obj
c:\users\admin\documents\archicadapi272\build\tobicarchicadapi2022.dir\release\alignelements.obj
c:\users\admin\documents\archicadapi272\build\tobicarchicadapi2022.dir\release\alignbeamtofloor.obj
c:\users\admin\documents\archicadapi272\build\tobicarchicadapi2022.dir\release\walltofloorbinding.obj
c:\users\admin\documents\archicadapi272\build\tobicarchicadapi2022.dir\release\walllwithlinedimenison.obj
c:\users\admin\documents\archicadapi272\build\tobicarchicadapi2022.dir\release\walldimension.obj
c:\users\admin\documents\archicadapi272\build\tobicarchicadapi2022.dir\release\wallceiling.obj
c:\users\admin\documents\archicadapi272\build\tobicarchicadapi2022.dir\release\wallcad.obj
c:\users\admin\documents\archicadapi272\build\tobicarchicadapi2022.dir\release\seperatewall.obj
c:\users\admin\documents\archicadapi272\build\tobicarchicadapi2022.dir\release\separatemirror.obj
c:\users\admin\documents\archicadapi272\build\tobicarchicadapi2022.dir\release\selecteditelementbinding.obj
c:\users\admin\documents\archicadapi272\build\tobicarchicadapi2022.dir\release\removeidsao.obj
c:\users\admin\documents\archicadapi272\build\tobicarchicadapi2022.dir\release\readexcel.obj
c:\users\admin\documents\archicadapi272\build\tobicarchicadapi2022.dir\release\readdatacad.obj
c:\users\admin\documents\archicadapi272\build\tobicarchicadapi2022.dir\release\qtdimensionform.obj
c:\users\admin\documents\archicadapi272\build\tobicarchicadapi2022.dir\release\profilerecsteelatribute.obj
c:\users\admin\documents\archicadapi272\build\tobicarchicadapi2022.dir\release\poinstomeshbinding.obj
c:\users\admin\documents\archicadapi272\build\tobicarchicadapi2022.dir\release\addonmain.obj
c:\users\admin\documents\archicadapi272\build\tobicarchicadapi2022.dir\release\curtainwallopeningbinding.obj
c:\users\admin\documents\archicadapi272\build\tobicarchicadapi2022.dir\release\createprofilesh.obj
c:\users\admin\documents\archicadapi272\build\tobicarchicadapi2022.dir\release\createprofiles.obj
c:\users\admin\documents\archicadapi272\build\tobicarchicadapi2022.dir\release\createlayerauto.obj
c:\users\admin\documents\archicadapi272\build\tobicarchicadapi2022.dir\release\createcoppha.obj
c:\users\admin\documents\archicadapi272\build\tobicarchicadapi2022.dir\release\creaetmeshtopo.obj
c:\users\admin\documents\archicadapi272\build\tobicarchicadapi2022.dir\release\columndimension.obj
c:\users\admin\documents\archicadapi272\build\tobicarchicadapi2022.dir\release\columncad.obj
c:\users\admin\documents\archicadapi272\build\tobicarchicadapi2022.dir\release\changeprofileprefixlevel.obj
c:\users\admin\documents\archicadapi272\build\tobicarchicadapi2022.dir\release\changeprofileelement.obj
c:\users\admin\documents\archicadapi272\build\tobicarchicadapi2022.dir\release\changeidrevitprefix.obj
c:\users\admin\documents\archicadapi272\build\tobicarchicadapi2022.dir\release\changeidrevit.obj
c:\users\admin\documents\archicadapi272\build\tobicarchicadapi2022.dir\release\cadzonecreate.obj
c:\users\admin\documents\archicadapi272\build\tobicarchicadapi2022.dir\release\cadslab.obj
c:\users\admin\documents\archicadapi272\build\tobicarchicadapi2022.dir\release\beamtoroofbinding.obj
c:\users\admin\documents\archicadapi272\build\tobicarchicadapi2022.dir\release\beamdimwithline.obj
c:\users\admin\documents\archicadapi272\build\tobicarchicadapi2022.dir\release\beamcadform.obj
c:\users\admin\documents\archicadapi272\build\resourceobjects\addonresources.stamp
c:\users\admin\documents\archicadapi272\build\cmakefiles\generate.stamp
c:\users\admin\documents\archicadapi272\build\release\tobicarchicadapi2022.apx
c:\users\admin\documents\archicadapi272\build\release\tobicarchicadapi2022.lib
c:\users\admin\documents\archicadapi272\build\release\tobicarchicadapi2022.exp
c:\users\admin\documents\archicadapi28\build\tobicarchicadapi2022.dir\release\addonmain.obj
c:\users\admin\documents\archicadapi28\build\tobicarchicadapi2022.dir\release\alignbeamtofloor.obj
c:\users\admin\documents\archicadapi28\build\tobicarchicadapi2022.dir\release\alignelements.obj
c:\users\admin\documents\archicadapi28\build\tobicarchicadapi2022.dir\release\basewallbinding.obj
c:\users\admin\documents\archicadapi28\build\tobicarchicadapi2022.dir\release\beambottombeambinding.obj
c:\users\admin\documents\archicadapi28\build\tobicarchicadapi2022.dir\release\beambottomtopbinding.obj
c:\users\admin\documents\archicadapi28\build\tobicarchicadapi2022.dir\release\beamcad.obj
c:\users\admin\documents\archicadapi28\build\tobicarchicadapi2022.dir\release\beamcadform.obj
c:\users\admin\documents\archicadapi28\build\tobicarchicadapi2022.dir\release\beamdimwithline.obj
c:\users\admin\documents\archicadapi28\build\tobicarchicadapi2022.dir\release\beamtoroofbinding.obj
c:\users\admin\documents\archicadapi28\build\tobicarchicadapi2022.dir\release\cadslab.obj
c:\users\admin\documents\archicadapi28\build\tobicarchicadapi2022.dir\release\cadzonecreate.obj
c:\users\admin\documents\archicadapi28\build\tobicarchicadapi2022.dir\release\changeidrevit.obj
c:\users\admin\documents\archicadapi28\build\tobicarchicadapi2022.dir\release\changeidrevitprefix.obj
c:\users\admin\documents\archicadapi28\build\tobicarchicadapi2022.dir\release\changeprofileelement.obj
c:\users\admin\documents\archicadapi28\build\tobicarchicadapi2022.dir\release\changeprofileprefixlevel.obj
c:\users\admin\documents\archicadapi28\build\tobicarchicadapi2022.dir\release\columncad.obj
c:\users\admin\documents\archicadapi28\build\tobicarchicadapi2022.dir\release\columndimension.obj
c:\users\admin\documents\archicadapi28\build\tobicarchicadapi2022.dir\release\creaetmeshtopo.obj
c:\users\admin\documents\archicadapi28\build\tobicarchicadapi2022.dir\release\createcoppha.obj
c:\users\admin\documents\archicadapi28\build\tobicarchicadapi2022.dir\release\createlayerauto.obj
c:\users\admin\documents\archicadapi28\build\tobicarchicadapi2022.dir\release\createprofiles.obj
c:\users\admin\documents\archicadapi28\build\tobicarchicadapi2022.dir\release\createprofilesh.obj
c:\users\admin\documents\archicadapi28\build\tobicarchicadapi2022.dir\release\curtainwallopeningbinding.obj
c:\users\admin\documents\archicadapi28\build\tobicarchicadapi2022.dir\release\dimensionutilities.obj
c:\users\admin\documents\archicadapi28\build\tobicarchicadapi2022.dir\release\editmeshtopo.obj
c:\users\admin\documents\archicadapi28\build\tobicarchicadapi2022.dir\release\familybypointbinding.obj
c:\users\admin\documents\archicadapi28\build\tobicarchicadapi2022.dir\release\fireprotectbinding.obj
c:\users\admin\documents\archicadapi28\build\tobicarchicadapi2022.dir\release\fitlerandcutelement.obj
c:\users\admin\documents\archicadapi28\build\tobicarchicadapi2022.dir\release\formcheckbox.obj
c:\users\admin\documents\archicadapi28\build\tobicarchicadapi2022.dir\release\formcheckboxfire.obj
c:\users\admin\documents\archicadapi28\build\tobicarchicadapi2022.dir\release\fromrolldown.obj
c:\users\admin\documents\archicadapi28\build\tobicarchicadapi2022.dir\release\inputmashiauto.obj
c:\users\admin\documents\archicadapi28\build\tobicarchicadapi2022.dir\release\layerlistbox.obj
c:\users\admin\documents\archicadapi28\build\tobicarchicadapi2022.dir\release\levelexport.obj
c:\users\admin\documents\archicadapi28\build\tobicarchicadapi2022.dir\release\levelimport.obj
c:\users\admin\documents\archicadapi28\build\tobicarchicadapi2022.dir\release\modifyhotspot.obj
c:\users\admin\documents\archicadapi28\build\tobicarchicadapi2022.dir\release\modifyhotspoth.obj
c:\users\admin\documents\archicadapi28\build\tobicarchicadapi2022.dir\release\modifyhotspotrec.obj
c:\users\admin\documents\archicadapi28\build\tobicarchicadapi2022.dir\release\offsetfromtopform.obj
c:\users\admin\documents\archicadapi28\build\tobicarchicadapi2022.dir\release\openingwallbinding.obj
c:\users\admin\documents\archicadapi28\build\tobicarchicadapi2022.dir\release\paintwallbinding.obj
c:\users\admin\documents\archicadapi28\build\tobicarchicadapi2022.dir\release\parametersset.obj
c:\users\admin\documents\archicadapi28\build\tobicarchicadapi2022.dir\release\pickpoint.obj
c:\users\admin\documents\archicadapi28\build\tobicarchicadapi2022.dir\release\poinstomeshbinding.obj
c:\users\admin\documents\archicadapi28\build\tobicarchicadapi2022.dir\release\profilerecsteelatribute.obj
c:\users\admin\documents\archicadapi28\build\tobicarchicadapi2022.dir\release\qtdimensionform.obj
c:\users\admin\documents\archicadapi28\build\tobicarchicadapi2022.dir\release\readdatacad.obj
c:\users\admin\documents\archicadapi28\build\tobicarchicadapi2022.dir\release\readexcel.obj
c:\users\admin\documents\archicadapi28\build\tobicarchicadapi2022.dir\release\removeidsao.obj
c:\users\admin\documents\archicadapi28\build\tobicarchicadapi2022.dir\release\selecteditelementbinding.obj
c:\users\admin\documents\archicadapi28\build\tobicarchicadapi2022.dir\release\separatemirror.obj
c:\users\admin\documents\archicadapi28\build\tobicarchicadapi2022.dir\release\seperatewall.obj
c:\users\admin\documents\archicadapi28\build\tobicarchicadapi2022.dir\release\wallcad.obj
c:\users\admin\documents\archicadapi28\build\tobicarchicadapi2022.dir\release\wallceiling.obj
c:\users\admin\documents\archicadapi28\build\tobicarchicadapi2022.dir\release\walldimension.obj
c:\users\admin\documents\archicadapi28\build\tobicarchicadapi2022.dir\release\walllwithlinedimenison.obj
c:\users\admin\documents\archicadapi28\build\tobicarchicadapi2022.dir\release\walltofloorbinding.obj
c:\users\admin\documents\archicadapi28\build\release\tobicarchicadapi2022.apx
c:\users\admin\documents\archicadapi28\build\tobicarchicadapi2022.dir\release\tobicarc.d0afac70.tlog\cl.command.1.tlog
c:\users\admin\documents\archicadapi28\build\tobicarchicadapi2022.dir\release\tobicarc.d0afac70.tlog\cl.read.1.tlog
c:\users\admin\documents\archicadapi28\build\tobicarchicadapi2022.dir\release\tobicarc.d0afac70.tlog\cl.write.1.tlog
c:\users\admin\documents\archicadapi28\build\tobicarchicadapi2022.dir\release\tobicarc.d0afac70.tlog\custombuild.command.1.tlog
c:\users\admin\documents\archicadapi28\build\tobicarchicadapi2022.dir\release\tobicarc.d0afac70.tlog\custombuild.read.1.tlog
c:\users\admin\documents\archicadapi28\build\tobicarchicadapi2022.dir\release\tobicarc.d0afac70.tlog\custombuild.write.1.tlog
c:\users\admin\documents\archicadapi28\build\tobicarchicadapi2022.dir\release\tobicarc.d0afac70.tlog\link.command.1.tlog
c:\users\admin\documents\archicadapi28\build\tobicarchicadapi2022.dir\release\tobicarc.d0afac70.tlog\link.read.1.tlog
c:\users\admin\documents\archicadapi28\build\tobicarchicadapi2022.dir\release\tobicarc.d0afac70.tlog\link.write.1.tlog
c:\users\admin\documents\archicadapi28\build\tobicarchicadapi2022.dir\release\tobicarc.d0afac70.tlog\tobicarchicadapi2022.write.1u.tlog
